0 info it worked if it ends with ok
1 verbose cli [ 'C:\\Program Files\\nodejs\\node.exe',
1 verbose cli   'C:\\Program Files\\nodejs\\node_modules\\npm\\bin\\npm-cli.js',
1 verbose cli   'install' ]
2 info using npm@3.6.0
3 info using node@v5.7.1
4 silly loadCurrentTree Starting
5 silly install loadCurrentTree
6 silly install readLocalPackageData
7 silly install normalizeTree
8 silly loadCurrentTree Finishing
9 silly loadIdealTree Starting
10 silly install loadIdealTree
11 silly cloneCurrentTree Starting
12 silly install cloneCurrentTreeToIdealTree
13 silly cloneCurrentTree Finishing
14 silly loadShrinkwrap Starting
15 silly install loadShrinkwrap
16 silly loadShrinkwrap Finishing
17 silly loadAllDepsIntoIdealTree Starting
18 silly install loadAllDepsIntoIdealTree
19 silly fetchNamedPackageData fsevents
20 silly mapToRegistry name fsevents
21 silly mapToRegistry using default registry
22 silly mapToRegistry registry https://registry.npmjs.org/
23 silly mapToRegistry uri https://registry.npmjs.org/fsevents
24 verbose request uri https://registry.npmjs.org/fsevents
25 verbose request no auth needed
26 info attempt registry request try #1 at 1:06:01 AM
27 verbose request id 7d896fa56367b6d0
28 verbose etag "9SQPCG4K0YWB0SPZEQHLYN742"
29 http request GET https://registry.npmjs.org/fsevents
30 http 304 https://registry.npmjs.org/fsevents
31 verbose headers { date: 'Mon, 14 Mar 2016 22:06:02 GMT',
31 verbose headers   via: '1.1 varnish',
31 verbose headers   'cache-control': 'max-age=300',
31 verbose headers   etag: '"9SQPCG4K0YWB0SPZEQHLYN742"',
31 verbose headers   age: '217',
31 verbose headers   connection: 'keep-alive',
31 verbose headers   'x-served-by': 'cache-fra1242-FRA',
31 verbose headers   'x-cache': 'HIT',
31 verbose headers   'x-cache-hits': '2',
31 verbose headers   'x-timer': 'S1457993162.032206,VS0,VE0',
31 verbose headers   vary: 'Accept' }
32 silly get cb [ 304,
32 silly get   { date: 'Mon, 14 Mar 2016 22:06:02 GMT',
32 silly get     via: '1.1 varnish',
32 silly get     'cache-control': 'max-age=300',
32 silly get     etag: '"9SQPCG4K0YWB0SPZEQHLYN742"',
32 silly get     age: '217',
32 silly get     connection: 'keep-alive',
32 silly get     'x-served-by': 'cache-fra1242-FRA',
32 silly get     'x-cache': 'HIT',
32 silly get     'x-cache-hits': '2',
32 silly get     'x-timer': 'S1457993162.032206,VS0,VE0',
32 silly get     vary: 'Accept' } ]
33 verbose etag https://registry.npmjs.org/fsevents from cache
34 verbose get saving fsevents to C:\Users\Balas\AppData\Roaming\npm-cache\registry.npmjs.org\fsevents\.cache.json
35 verbose correctMkdir C:\Users\Balas\AppData\Roaming\npm-cache correctMkdir not in flight; initializing
36 silly resolveWithNewModule fsevents@1.0.8 checking installable status
37 silly fetchNamedPackageData bufferutil
38 silly mapToRegistry name bufferutil
39 silly mapToRegistry using default registry
40 silly mapToRegistry registry https://registry.npmjs.org/
41 silly mapToRegistry uri https://registry.npmjs.org/bufferutil
42 silly fetchNamedPackageData utf-8-validate
43 silly mapToRegistry name utf-8-validate
44 silly mapToRegistry using default registry
45 silly mapToRegistry registry https://registry.npmjs.org/
46 silly mapToRegistry uri https://registry.npmjs.org/utf-8-validate
47 verbose request uri https://registry.npmjs.org/bufferutil
48 verbose request no auth needed
49 info attempt registry request try #1 at 1:06:02 AM
50 verbose etag "9NLYGHUX8MGYC2LICJDWKWNPW"
51 http request GET https://registry.npmjs.org/bufferutil
52 verbose request uri https://registry.npmjs.org/utf-8-validate
53 verbose request no auth needed
54 info attempt registry request try #1 at 1:06:02 AM
55 verbose etag "E7XYFT7FUBMH6H6XYWMIRAGJ0"
56 http request GET https://registry.npmjs.org/utf-8-validate
57 http 304 https://registry.npmjs.org/utf-8-validate
58 verbose headers { date: 'Mon, 14 Mar 2016 22:06:02 GMT',
58 verbose headers   via: '1.1 varnish',
58 verbose headers   'cache-control': 'max-age=300',
58 verbose headers   etag: '"E7XYFT7FUBMH6H6XYWMIRAGJ0"',
58 verbose headers   age: '263',
58 verbose headers   connection: 'keep-alive',
58 verbose headers   'x-served-by': 'cache-fra1246-FRA',
58 verbose headers   'x-cache': 'HIT',
58 verbose headers   'x-cache-hits': '1',
58 verbose headers   'x-timer': 'S1457993162.647825,VS0,VE0',
58 verbose headers   vary: 'Accept' }
59 silly get cb [ 304,
59 silly get   { date: 'Mon, 14 Mar 2016 22:06:02 GMT',
59 silly get     via: '1.1 varnish',
59 silly get     'cache-control': 'max-age=300',
59 silly get     etag: '"E7XYFT7FUBMH6H6XYWMIRAGJ0"',
59 silly get     age: '263',
59 silly get     connection: 'keep-alive',
59 silly get     'x-served-by': 'cache-fra1246-FRA',
59 silly get     'x-cache': 'HIT',
59 silly get     'x-cache-hits': '1',
59 silly get     'x-timer': 'S1457993162.647825,VS0,VE0',
59 silly get     vary: 'Accept' } ]
60 verbose etag https://registry.npmjs.org/utf-8-validate from cache
61 verbose get saving utf-8-validate to C:\Users\Balas\AppData\Roaming\npm-cache\registry.npmjs.org\utf-8-validate\.cache.json
62 verbose correctMkdir C:\Users\Balas\AppData\Roaming\npm-cache correctMkdir not in flight; initializing
63 http 304 https://registry.npmjs.org/bufferutil
64 verbose headers { date: 'Mon, 14 Mar 2016 22:06:02 GMT',
64 verbose headers   via: '1.1 varnish',
64 verbose headers   'cache-control': 'max-age=300',
64 verbose headers   etag: '"9NLYGHUX8MGYC2LICJDWKWNPW"',
64 verbose headers   age: '105',
64 verbose headers   connection: 'keep-alive',
64 verbose headers   'x-served-by': 'cache-fra1225-FRA',
64 verbose headers   'x-cache': 'HIT',
64 verbose headers   'x-cache-hits': '1',
64 verbose headers   'x-timer': 'S1457993162.657145,VS0,VE0',
64 verbose headers   vary: 'Accept' }
65 silly get cb [ 304,
65 silly get   { date: 'Mon, 14 Mar 2016 22:06:02 GMT',
65 silly get     via: '1.1 varnish',
65 silly get     'cache-control': 'max-age=300',
65 silly get     etag: '"9NLYGHUX8MGYC2LICJDWKWNPW"',
65 silly get     age: '105',
65 silly get     connection: 'keep-alive',
65 silly get     'x-served-by': 'cache-fra1225-FRA',
65 silly get     'x-cache': 'HIT',
65 silly get     'x-cache-hits': '1',
65 silly get     'x-timer': 'S1457993162.657145,VS0,VE0',
65 silly get     vary: 'Accept' } ]
66 verbose etag https://registry.npmjs.org/bufferutil from cache
67 verbose get saving bufferutil to C:\Users\Balas\AppData\Roaming\npm-cache\registry.npmjs.org\bufferutil\.cache.json
68 verbose correctMkdir C:\Users\Balas\AppData\Roaming\npm-cache correctMkdir not in flight; initializing
69 silly resolveWithNewModule bufferutil@1.2.1 checking installable status
70 silly cache add args [ 'bufferutil@1.2.x', null ]
71 verbose cache add spec bufferutil@1.2.x
72 silly cache add parsed spec Result {
72 silly cache add   raw: 'bufferutil@1.2.x',
72 silly cache add   scope: null,
72 silly cache add   name: 'bufferutil',
72 silly cache add   rawSpec: '1.2.x',
72 silly cache add   spec: '>=1.2.0 <1.3.0',
72 silly cache add   type: 'range' }
73 silly addNamed bufferutil@>=1.2.0 <1.3.0
74 verbose addNamed ">=1.2.0 <1.3.0" is a valid semver range for bufferutil
75 silly addNameRange { name: 'bufferutil', range: '>=1.2.0 <1.3.0', hasData: false }
76 silly mapToRegistry name bufferutil
77 silly mapToRegistry using default registry
78 silly mapToRegistry registry https://registry.npmjs.org/
79 silly mapToRegistry uri https://registry.npmjs.org/bufferutil
80 verbose addNameRange registry:https://registry.npmjs.org/bufferutil not in flight; fetching
81 silly resolveWithNewModule utf-8-validate@1.2.1 checking installable status
82 silly cache add args [ 'utf-8-validate@1.2.x', null ]
83 verbose cache add spec utf-8-validate@1.2.x
84 silly cache add parsed spec Result {
84 silly cache add   raw: 'utf-8-validate@1.2.x',
84 silly cache add   scope: null,
84 silly cache add   name: 'utf-8-validate',
84 silly cache add   rawSpec: '1.2.x',
84 silly cache add   spec: '>=1.2.0 <1.3.0',
84 silly cache add   type: 'range' }
85 silly addNamed utf-8-validate@>=1.2.0 <1.3.0
86 verbose addNamed ">=1.2.0 <1.3.0" is a valid semver range for utf-8-validate
87 silly addNameRange { name: 'utf-8-validate',
87 silly addNameRange   range: '>=1.2.0 <1.3.0',
87 silly addNameRange   hasData: false }
88 silly mapToRegistry name utf-8-validate
89 silly mapToRegistry using default registry
90 silly mapToRegistry registry https://registry.npmjs.org/
91 silly mapToRegistry uri https://registry.npmjs.org/utf-8-validate
92 verbose addNameRange registry:https://registry.npmjs.org/utf-8-validate not in flight; fetching
93 verbose get https://registry.npmjs.org/bufferutil not expired, no request
94 silly addNameRange number 2 { name: 'bufferutil', range: '>=1.2.0 <1.3.0', hasData: true }
95 silly addNameRange versions [ 'bufferutil',
95 silly addNameRange   [ '1.0.0', '1.0.1', '1.1.0', '1.2.0', '1.2.1' ] ]
96 silly addNamed bufferutil@1.2.1
97 verbose addNamed "1.2.1" is a plain semver version for bufferutil
98 verbose get https://registry.npmjs.org/utf-8-validate not expired, no request
99 silly addNameRange number 2 { name: 'utf-8-validate',
99 silly addNameRange   range: '>=1.2.0 <1.3.0',
99 silly addNameRange   hasData: true }
100 silly addNameRange versions [ 'utf-8-validate',
100 silly addNameRange   [ '1.0.0', '1.0.1', '1.1.0', '1.2.0', '1.2.1' ] ]
101 silly addNamed utf-8-validate@1.2.1
102 verbose addNamed "1.2.1" is a plain semver version for utf-8-validate
103 silly cache afterAdd bufferutil@1.2.1
104 verbose afterAdd C:\Users\Balas\AppData\Roaming\npm-cache\bufferutil\1.2.1\package\package.json not in flight; writing
105 verbose correctMkdir C:\Users\Balas\AppData\Roaming\npm-cache correctMkdir not in flight; initializing
106 silly cache afterAdd utf-8-validate@1.2.1
107 verbose afterAdd C:\Users\Balas\AppData\Roaming\npm-cache\utf-8-validate\1.2.1\package\package.json not in flight; writing
108 verbose correctMkdir C:\Users\Balas\AppData\Roaming\npm-cache correctMkdir not in flight; initializing
109 verbose afterAdd C:\Users\Balas\AppData\Roaming\npm-cache\utf-8-validate\1.2.1\package\package.json written
110 verbose afterAdd C:\Users\Balas\AppData\Roaming\npm-cache\bufferutil\1.2.1\package\package.json written
111 silly fetchNamedPackageData bindings
112 silly mapToRegistry name bindings
113 silly mapToRegistry using default registry
114 silly mapToRegistry registry https://registry.npmjs.org/
115 silly mapToRegistry uri https://registry.npmjs.org/bindings
116 silly fetchNamedPackageData nan
117 silly mapToRegistry name nan
118 silly mapToRegistry using default registry
119 silly mapToRegistry registry https://registry.npmjs.org/
120 silly mapToRegistry uri https://registry.npmjs.org/nan
121 verbose request uri https://registry.npmjs.org/bindings
122 verbose request no auth needed
123 info attempt registry request try #1 at 1:06:02 AM
124 verbose etag "1LLBF9OH58DLBEL4629U6032D"
125 http request GET https://registry.npmjs.org/bindings
126 verbose request uri https://registry.npmjs.org/nan
127 verbose request no auth needed
128 info attempt registry request try #1 at 1:06:02 AM
129 verbose etag "9GNMF0K57Y4H80QS1L4U9QND9"
130 http request GET https://registry.npmjs.org/nan
131 http 304 https://registry.npmjs.org/nan
132 verbose headers { date: 'Mon, 14 Mar 2016 22:06:02 GMT',
132 verbose headers   via: '1.1 varnish',
132 verbose headers   'cache-control': 'max-age=300',
132 verbose headers   etag: '"9GNMF0K57Y4H80QS1L4U9QND9"',
132 verbose headers   age: '92',
132 verbose headers   connection: 'keep-alive',
132 verbose headers   'x-served-by': 'cache-fra1222-FRA',
132 verbose headers   'x-cache': 'HIT',
132 verbose headers   'x-cache-hits': '2',
132 verbose headers   'x-timer': 'S1457993162.947482,VS0,VE0',
132 verbose headers   vary: 'Accept' }
133 silly get cb [ 304,
133 silly get   { date: 'Mon, 14 Mar 2016 22:06:02 GMT',
133 silly get     via: '1.1 varnish',
133 silly get     'cache-control': 'max-age=300',
133 silly get     etag: '"9GNMF0K57Y4H80QS1L4U9QND9"',
133 silly get     age: '92',
133 silly get     connection: 'keep-alive',
133 silly get     'x-served-by': 'cache-fra1222-FRA',
133 silly get     'x-cache': 'HIT',
133 silly get     'x-cache-hits': '2',
133 silly get     'x-timer': 'S1457993162.947482,VS0,VE0',
133 silly get     vary: 'Accept' } ]
134 verbose etag https://registry.npmjs.org/nan from cache
135 verbose get saving nan to C:\Users\Balas\AppData\Roaming\npm-cache\registry.npmjs.org\nan\.cache.json
136 verbose correctMkdir C:\Users\Balas\AppData\Roaming\npm-cache correctMkdir not in flight; initializing
137 http 304 https://registry.npmjs.org/bindings
138 verbose headers { date: 'Mon, 14 Mar 2016 22:06:02 GMT',
138 verbose headers   via: '1.1 varnish',
138 verbose headers   'cache-control': 'max-age=300',
138 verbose headers   etag: '"1LLBF9OH58DLBEL4629U6032D"',
138 verbose headers   age: '58',
138 verbose headers   connection: 'keep-alive',
138 verbose headers   'x-served-by': 'cache-fra1226-FRA',
138 verbose headers   'x-cache': 'HIT',
138 verbose headers   'x-cache-hits': '1',
138 verbose headers   'x-timer': 'S1457993162.958734,VS0,VE0',
138 verbose headers   vary: 'Accept' }
139 silly get cb [ 304,
139 silly get   { date: 'Mon, 14 Mar 2016 22:06:02 GMT',
139 silly get     via: '1.1 varnish',
139 silly get     'cache-control': 'max-age=300',
139 silly get     etag: '"1LLBF9OH58DLBEL4629U6032D"',
139 silly get     age: '58',
139 silly get     connection: 'keep-alive',
139 silly get     'x-served-by': 'cache-fra1226-FRA',
139 silly get     'x-cache': 'HIT',
139 silly get     'x-cache-hits': '1',
139 silly get     'x-timer': 'S1457993162.958734,VS0,VE0',
139 silly get     vary: 'Accept' } ]
140 verbose etag https://registry.npmjs.org/bindings from cache
141 verbose get saving bindings to C:\Users\Balas\AppData\Roaming\npm-cache\registry.npmjs.org\bindings\.cache.json
142 verbose correctMkdir C:\Users\Balas\AppData\Roaming\npm-cache correctMkdir not in flight; initializing
143 silly resolveWithNewModule bindings@1.2.1 checking installable status
144 silly cache add args [ 'bindings@1.2.x', null ]
145 verbose cache add spec bindings@1.2.x
146 silly cache add parsed spec Result {
146 silly cache add   raw: 'bindings@1.2.x',
146 silly cache add   scope: null,
146 silly cache add   name: 'bindings',
146 silly cache add   rawSpec: '1.2.x',
146 silly cache add   spec: '>=1.2.0 <1.3.0',
146 silly cache add   type: 'range' }
147 silly addNamed bindings@>=1.2.0 <1.3.0
148 verbose addNamed ">=1.2.0 <1.3.0" is a valid semver range for bindings
149 silly addNameRange { name: 'bindings', range: '>=1.2.0 <1.3.0', hasData: false }
150 silly mapToRegistry name bindings
151 silly mapToRegistry using default registry
152 silly mapToRegistry registry https://registry.npmjs.org/
153 silly mapToRegistry uri https://registry.npmjs.org/bindings
154 verbose addNameRange registry:https://registry.npmjs.org/bindings not in flight; fetching
155 verbose get https://registry.npmjs.org/bindings not expired, no request
156 silly addNameRange number 2 { name: 'bindings', range: '>=1.2.0 <1.3.0', hasData: true }
157 silly addNameRange versions [ 'bindings',
157 silly addNameRange   [ '0.0.1',
157 silly addNameRange     '0.1.0',
157 silly addNameRange     '0.1.1',
157 silly addNameRange     '0.2.0',
157 silly addNameRange     '0.2.1',
157 silly addNameRange     '0.2.2',
157 silly addNameRange     '0.2.3',
157 silly addNameRange     '0.2.4',
157 silly addNameRange     '0.3.0',
157 silly addNameRange     '0.4.0',
157 silly addNameRange     '1.0.0',
157 silly addNameRange     '1.1.0',
157 silly addNameRange     '1.1.1',
157 silly addNameRange     '1.2.0',
157 silly addNameRange     '1.2.1' ] ]
158 silly addNamed bindings@1.2.1
159 verbose addNamed "1.2.1" is a plain semver version for bindings
160 silly cache afterAdd bindings@1.2.1
161 verbose afterAdd C:\Users\Balas\AppData\Roaming\npm-cache\bindings\1.2.1\package\package.json not in flight; writing
162 verbose correctMkdir C:\Users\Balas\AppData\Roaming\npm-cache correctMkdir not in flight; initializing
163 verbose afterAdd C:\Users\Balas\AppData\Roaming\npm-cache\bindings\1.2.1\package\package.json written
164 silly resolveWithNewModule nan@2.2.0 checking installable status
165 silly cache add args [ 'nan@^2.0.5', null ]
166 verbose cache add spec nan@^2.0.5
167 silly cache add parsed spec Result {
167 silly cache add   raw: 'nan@^2.0.5',
167 silly cache add   scope: null,
167 silly cache add   name: 'nan',
167 silly cache add   rawSpec: '^2.0.5',
167 silly cache add   spec: '>=2.0.5 <3.0.0',
167 silly cache add   type: 'range' }
168 silly addNamed nan@>=2.0.5 <3.0.0
169 verbose addNamed ">=2.0.5 <3.0.0" is a valid semver range for nan
170 silly addNameRange { name: 'nan', range: '>=2.0.5 <3.0.0', hasData: false }
171 silly mapToRegistry name nan
172 silly mapToRegistry using default registry
173 silly mapToRegistry registry https://registry.npmjs.org/
174 silly mapToRegistry uri https://registry.npmjs.org/nan
175 verbose addNameRange registry:https://registry.npmjs.org/nan not in flight; fetching
176 verbose get https://registry.npmjs.org/nan not expired, no request
177 silly addNameRange number 2 { name: 'nan', range: '>=2.0.5 <3.0.0', hasData: true }
178 silly addNameRange versions [ 'nan',
178 silly addNameRange   [ '0.3.0-wip',
178 silly addNameRange     '0.3.0-wip2',
178 silly addNameRange     '0.3.0',
178 silly addNameRange     '0.3.1',
178 silly addNameRange     '0.3.2',
178 silly addNameRange     '0.4.0',
178 silly addNameRange     '0.4.1',
178 silly addNameRange     '0.4.2',
178 silly addNameRange     '0.4.3',
178 silly addNameRange     '0.4.4',
178 silly addNameRange     '0.5.0',
178 silly addNameRange     '0.5.1',
178 silly addNameRange     '0.5.2',
178 silly addNameRange     '0.6.0',
178 silly addNameRange     '0.7.0',
178 silly addNameRange     '0.7.1',
178 silly addNameRange     '0.8.0',
178 silly addNameRange     '1.0.0',
178 silly addNameRange     '1.1.0',
178 silly addNameRange     '1.1.1',
178 silly addNameRange     '1.1.2',
178 silly addNameRange     '1.2.0',
178 silly addNameRange     '1.3.0',
178 silly addNameRange     '1.4.0',
178 silly addNameRange     '1.4.1',
178 silly addNameRange     '1.5.0',
178 silly addNameRange     '1.4.2',
178 silly addNameRange     '1.4.3',
178 silly addNameRange     '1.5.1',
178 silly addNameRange     '1.5.2',
178 silly addNameRange     '1.6.0',
178 silly addNameRange     '1.5.3',
178 silly addNameRange     '1.6.1',
178 silly addNameRange     '1.6.2',
178 silly addNameRange     '1.7.0',
178 silly addNameRange     '1.8.0',
178 silly addNameRange     '1.8.1',
178 silly addNameRange     '1.8.2',
178 silly addNameRange     '1.8.3',
178 silly addNameRange     '1.8.4',
178 silly addNameRange     '1.9.0',
178 silly addNameRange     '2.0.0',
178 silly addNameRange     '2.0.1',
178 silly addNameRange     '2.0.2',
178 silly addNameRange     '2.0.3',
178 silly addNameRange     '2.0.4',
178 silly addNameRange     '2.0.5',
178 silly addNameRange     '2.0.6',
178 silly addNameRange     '2.0.7',
178 silly addNameRange     '2.0.8',
178 silly addNameRange     '2.0.9',
178 silly addNameRange     '2.1.0',
178 silly addNameRange     '2.2.0' ] ]
179 silly addNamed nan@2.2.0
180 verbose addNamed "2.2.0" is a plain semver version for nan
181 silly cache afterAdd nan@2.2.0
182 verbose afterAdd C:\Users\Balas\AppData\Roaming\npm-cache\nan\2.2.0\package\package.json not in flight; writing
183 verbose correctMkdir C:\Users\Balas\AppData\Roaming\npm-cache correctMkdir not in flight; initializing
184 verbose afterAdd C:\Users\Balas\AppData\Roaming\npm-cache\nan\2.2.0\package\package.json written
185 silly fetchNamedPackageData nan
186 silly mapToRegistry name nan
187 silly mapToRegistry using default registry
188 silly mapToRegistry registry https://registry.npmjs.org/
189 silly mapToRegistry uri https://registry.npmjs.org/nan
190 silly loadAllDepsIntoIdealTree Finishing
191 silly idealTree:prePrune angular-phonecat@0.0.0
191 silly idealTree:prePrune +-- accepts@1.2.13
191 silly idealTree:prePrune +-- accessibility-developer-tools@2.6.0
191 silly idealTree:prePrune +-- active-x-obfuscator@0.0.1
191 silly idealTree:prePrune +-- adm-zip@0.4.4
191 silly idealTree:prePrune +-- agent-base@2.0.1
191 silly idealTree:prePrune | `-- semver@5.0.3
191 silly idealTree:prePrune +-- amdefine@1.0.0
191 silly idealTree:prePrune +-- ansi-regex@2.0.0
191 silly idealTree:prePrune +-- ansi-styles@2.2.0
191 silly idealTree:prePrune +-- anymatch@1.3.0
191 silly idealTree:prePrune +-- arr-diff@2.0.0
191 silly idealTree:prePrune +-- arr-flatten@1.0.1
191 silly idealTree:prePrune +-- array-unique@0.2.1
191 silly idealTree:prePrune +-- arrify@1.0.1
191 silly idealTree:prePrune +-- asn1@0.1.11
191 silly idealTree:prePrune +-- assert-plus@0.1.5
191 silly idealTree:prePrune +-- async-each@1.0.0
191 silly idealTree:prePrune +-- async@0.2.10
191 silly idealTree:prePrune +-- aws-sign2@0.5.0
191 silly idealTree:prePrune +-- balanced-match@0.3.0
191 silly idealTree:prePrune +-- base64-url@1.2.1
191 silly idealTree:prePrune +-- base64id@0.1.0
191 silly idealTree:prePrune +-- basic-auth-connect@1.0.0
191 silly idealTree:prePrune +-- basic-auth@1.0.3
191 silly idealTree:prePrune +-- batch@0.5.3
191 silly idealTree:prePrune +-- binary-extensions@1.4.0
191 silly idealTree:prePrune +-- bindings@1.2.1
191 silly idealTree:prePrune +-- bl@0.9.5
191 silly idealTree:prePrune | `-- readable-stream@1.0.33
191 silly idealTree:prePrune +-- bluebird@2.10.2
191 silly idealTree:prePrune +-- body-parser@1.13.3
191 silly idealTree:prePrune | `-- qs@4.0.0
191 silly idealTree:prePrune +-- boom@2.10.1
191 silly idealTree:prePrune +-- bower@1.7.7
191 silly idealTree:prePrune +-- brace-expansion@1.1.3
191 silly idealTree:prePrune +-- braces@1.8.3
191 silly idealTree:prePrune +-- bufferutil@1.2.1
191 silly idealTree:prePrune | `-- nan@2.2.0
191 silly idealTree:prePrune +-- bytes@2.1.0
191 silly idealTree:prePrune +-- caseless@0.10.0
191 silly idealTree:prePrune +-- chalk@1.1.1
191 silly idealTree:prePrune +-- chokidar@1.4.3
191 silly idealTree:prePrune +-- color-convert@1.0.0
191 silly idealTree:prePrune +-- colors@0.6.2
191 silly idealTree:prePrune +-- combined-stream@1.0.5
191 silly idealTree:prePrune +-- commander@2.1.0
191 silly idealTree:prePrune +-- compressible@2.0.7
191 silly idealTree:prePrune +-- compression@1.5.2
191 silly idealTree:prePrune +-- concat-map@0.0.1
191 silly idealTree:prePrune +-- connect-timeout@1.6.2
191 silly idealTree:prePrune +-- connect@2.30.2
191 silly idealTree:prePrune | `-- qs@4.0.0
191 silly idealTree:prePrune +-- content-type@1.0.1
191 silly idealTree:prePrune +-- cookie-parser@1.3.5
191 silly idealTree:prePrune +-- cookie-signature@1.0.6
191 silly idealTree:prePrune +-- cookie@0.1.3
191 silly idealTree:prePrune +-- core-util-is@1.0.2
191 silly idealTree:prePrune +-- crc@3.3.0
191 silly idealTree:prePrune +-- cryptiles@2.0.5
191 silly idealTree:prePrune +-- csrf@3.0.1
191 silly idealTree:prePrune +-- csurf@1.8.3
191 silly idealTree:prePrune +-- ctype@0.5.3
191 silly idealTree:prePrune +-- debug@2.2.0
191 silly idealTree:prePrune +-- deep-equal@1.0.1
191 silly idealTree:prePrune +-- delayed-stream@1.0.0
191 silly idealTree:prePrune +-- depd@1.0.1
191 silly idealTree:prePrune +-- destroy@1.0.4
191 silly idealTree:prePrune +-- di@0.0.1
191 silly idealTree:prePrune +-- ecstatic@0.4.13
191 silly idealTree:prePrune | `-- optimist@0.3.7
191 silly idealTree:prePrune +-- ee-first@1.1.1
191 silly idealTree:prePrune +-- ent@0.0.7
191 silly idealTree:prePrune +-- errorhandler@1.4.3
191 silly idealTree:prePrune | +-- accepts@1.3.2
191 silly idealTree:prePrune | `-- negotiator@0.6.0
191 silly idealTree:prePrune +-- escape-html@1.0.3
191 silly idealTree:prePrune +-- escape-string-regexp@1.0.5
191 silly idealTree:prePrune +-- etag@1.7.0
191 silly idealTree:prePrune +-- exit@0.1.2
191 silly idealTree:prePrune +-- expand-brackets@0.1.4
191 silly idealTree:prePrune +-- expand-range@1.8.1
191 silly idealTree:prePrune +-- express-session@1.11.3
191 silly idealTree:prePrune | `-- uid-safe@2.0.0
191 silly idealTree:prePrune +-- extend@3.0.0
191 silly idealTree:prePrune +-- extglob@0.3.2
191 silly idealTree:prePrune +-- filename-regex@2.0.0
191 silly idealTree:prePrune +-- fill-range@2.2.3
191 silly idealTree:prePrune +-- finalhandler@0.4.0
191 silly idealTree:prePrune | `-- escape-html@1.0.2
191 silly idealTree:prePrune +-- for-in@0.1.4
191 silly idealTree:prePrune +-- for-own@0.1.3
191 silly idealTree:prePrune +-- forever-agent@0.6.1
191 silly idealTree:prePrune +-- form-data@0.2.0
191 silly idealTree:prePrune | +-- async@0.9.2
191 silly idealTree:prePrune | +-- combined-stream@0.0.7
191 silly idealTree:prePrune | +-- delayed-stream@0.0.5
191 silly idealTree:prePrune | +-- mime-db@1.12.0
191 silly idealTree:prePrune | `-- mime-types@2.0.14
191 silly idealTree:prePrune +-- fresh@0.3.0
191 silly idealTree:prePrune +-- generate-function@2.0.0
191 silly idealTree:prePrune +-- generate-object-property@1.2.0
191 silly idealTree:prePrune +-- glob-base@0.3.0
191 silly idealTree:prePrune +-- glob-parent@2.0.0
191 silly idealTree:prePrune +-- glob@5.0.15
191 silly idealTree:prePrune +-- graceful-fs@3.0.8
191 silly idealTree:prePrune +-- graceful-readlink@1.0.1
191 silly idealTree:prePrune +-- har-validator@1.8.0
191 silly idealTree:prePrune | `-- commander@2.9.0
191 silly idealTree:prePrune +-- has-ansi@2.0.0
191 silly idealTree:prePrune +-- hawk@2.3.1
191 silly idealTree:prePrune +-- hoek@2.16.3
191 silly idealTree:prePrune +-- html-entities@1.1.3
191 silly idealTree:prePrune +-- http-errors@1.3.1
191 silly idealTree:prePrune +-- http-proxy@0.10.4
191 silly idealTree:prePrune | +-- optimist@0.6.1
191 silly idealTree:prePrune | `-- pkginfo@0.3.1
191 silly idealTree:prePrune +-- http-server@0.6.1
191 silly idealTree:prePrune +-- http-signature@0.11.0
191 silly idealTree:prePrune +-- https-proxy-agent@1.0.0
191 silly idealTree:prePrune +-- i@0.3.4
191 silly idealTree:prePrune +-- iconv-lite@0.4.11
191 silly idealTree:prePrune +-- inflight@1.0.4
191 silly idealTree:prePrune +-- inherits@2.0.1
191 silly idealTree:prePrune +-- is-absolute@0.1.7
191 silly idealTree:prePrune +-- is-binary-path@1.0.1
191 silly idealTree:prePrune +-- is-buffer@1.1.3
191 silly idealTree:prePrune +-- is-dotfile@1.0.2
191 silly idealTree:prePrune +-- is-equal-shallow@0.1.3
191 silly idealTree:prePrune +-- is-extendable@0.1.1
191 silly idealTree:prePrune +-- is-extglob@1.0.0
191 silly idealTree:prePrune +-- is-glob@2.0.1
191 silly idealTree:prePrune +-- is-my-json-valid@2.13.1
191 silly idealTree:prePrune +-- is-number@2.1.0
191 silly idealTree:prePrune +-- is-primitive@2.0.0
191 silly idealTree:prePrune +-- is-property@1.0.2
191 silly idealTree:prePrune +-- is-relative@0.1.3
191 silly idealTree:prePrune +-- isarray@0.0.1
191 silly idealTree:prePrune +-- isexe@1.1.2
191 silly idealTree:prePrune +-- isobject@2.0.0
191 silly idealTree:prePrune +-- isstream@0.1.2
191 silly idealTree:prePrune +-- jasmine-core@2.3.4
191 silly idealTree:prePrune +-- jasmine@2.3.2
191 silly idealTree:prePrune | +-- glob@3.2.11
191 silly idealTree:prePrune | `-- minimatch@0.3.0
191 silly idealTree:prePrune +-- jasminewd@1.1.0
191 silly idealTree:prePrune +-- jasminewd2@0.0.6
191 silly idealTree:prePrune +-- json-stringify-safe@5.0.1
191 silly idealTree:prePrune +-- jsonpointer@2.0.0
191 silly idealTree:prePrune +-- karma-chrome-launcher@0.1.12
191 silly idealTree:prePrune +-- karma-firefox-launcher@0.1.7
191 silly idealTree:prePrune +-- karma-jasmine@0.1.6
191 silly idealTree:prePrune +-- karma@0.12.37
191 silly idealTree:prePrune | +-- colors@1.1.2
191 silly idealTree:prePrune | +-- mime@1.3.4
191 silly idealTree:prePrune | `-- optimist@0.6.1
191 silly idealTree:prePrune +-- kind-of@3.0.2
191 silly idealTree:prePrune +-- lodash@3.10.1
191 silly idealTree:prePrune +-- log4js@0.6.33
191 silly idealTree:prePrune | `-- readable-stream@1.0.33
191 silly idealTree:prePrune +-- lru-cache@2.2.4
191 silly idealTree:prePrune +-- media-typer@0.3.0
191 silly idealTree:prePrune +-- method-override@2.3.5
191 silly idealTree:prePrune +-- methods@1.1.2
191 silly idealTree:prePrune +-- micromatch@2.3.7
191 silly idealTree:prePrune +-- mime-db@1.22.0
191 silly idealTree:prePrune +-- mime-types@2.1.10
191 silly idealTree:prePrune +-- mime@1.2.11
191 silly idealTree:prePrune +-- minijasminenode@1.1.1
191 silly idealTree:prePrune +-- minimatch@2.0.10
191 silly idealTree:prePrune +-- minimist@0.0.10
191 silly idealTree:prePrune +-- mkdirp@0.0.7
191 silly idealTree:prePrune +-- morgan@1.6.1
191 silly idealTree:prePrune +-- ms@0.7.1
191 silly idealTree:prePrune +-- multiparty@3.3.2
191 silly idealTree:prePrune | `-- readable-stream@1.1.13
191 silly idealTree:prePrune +-- nan@1.0.0
191 silly idealTree:prePrune +-- ncp@0.4.2
191 silly idealTree:prePrune +-- negotiator@0.5.3
191 silly idealTree:prePrune +-- node-uuid@1.4.7
191 silly idealTree:prePrune +-- normalize-path@2.0.1
191 silly idealTree:prePrune +-- oauth-sign@0.8.1
191 silly idealTree:prePrune +-- object.omit@2.0.0
191 silly idealTree:prePrune +-- on-finished@2.3.0
191 silly idealTree:prePrune +-- on-headers@1.0.1
191 silly idealTree:prePrune +-- once@1.3.3
191 silly idealTree:prePrune +-- opener@1.3.0
191 silly idealTree:prePrune +-- optimist@0.5.2
191 silly idealTree:prePrune +-- options@0.0.6
191 silly idealTree:prePrune +-- parse-glob@3.0.4
191 silly idealTree:prePrune +-- parseurl@1.3.1
191 silly idealTree:prePrune +-- path-is-absolute@1.0.0
191 silly idealTree:prePrune +-- pause@0.1.0
191 silly idealTree:prePrune +-- pkginfo@0.2.3
191 silly idealTree:prePrune +-- policyfile@0.0.4
191 silly idealTree:prePrune +-- portfinder@0.2.1
191 silly idealTree:prePrune +-- preserve@0.2.0
191 silly idealTree:prePrune +-- process-nextick-args@1.0.6
191 silly idealTree:prePrune +-- protractor@2.5.1
191 silly idealTree:prePrune | +-- glob@3.2.11
191 silly idealTree:prePrune | +-- lodash@2.4.2
191 silly idealTree:prePrune | +-- minimatch@0.3.0
191 silly idealTree:prePrune | +-- optimist@0.6.1
191 silly idealTree:prePrune | `-- q@1.0.0
191 silly idealTree:prePrune +-- q@1.4.1
191 silly idealTree:prePrune +-- qs@0.5.6
191 silly idealTree:prePrune +-- random-bytes@1.0.0
191 silly idealTree:prePrune +-- randomatic@1.1.5
191 silly idealTree:prePrune +-- range-parser@1.0.3
191 silly idealTree:prePrune +-- raw-body@2.1.6
191 silly idealTree:prePrune | +-- bytes@2.3.0
191 silly idealTree:prePrune | `-- iconv-lite@0.4.13
191 silly idealTree:prePrune +-- readable-stream@2.0.6
191 silly idealTree:prePrune | `-- isarray@1.0.0
191 silly idealTree:prePrune +-- readdirp@2.0.0
191 silly idealTree:prePrune | `-- graceful-fs@4.1.3
191 silly idealTree:prePrune +-- redis@0.7.3
191 silly idealTree:prePrune +-- regex-cache@0.4.2
191 silly idealTree:prePrune +-- repeat-element@1.1.2
191 silly idealTree:prePrune +-- repeat-string@1.5.4
191 silly idealTree:prePrune +-- request@2.57.0
191 silly idealTree:prePrune | +-- mime-db@1.12.0
191 silly idealTree:prePrune | +-- mime-types@2.0.14
191 silly idealTree:prePrune | `-- qs@3.1.0
191 silly idealTree:prePrune +-- response-time@2.3.1
191 silly idealTree:prePrune +-- rimraf@2.5.2
191 silly idealTree:prePrune | `-- glob@7.0.3
191 silly idealTree:prePrune +-- rndm@1.2.0
191 silly idealTree:prePrune +-- saucelabs@1.0.1
191 silly idealTree:prePrune +-- sax@0.6.1
191 silly idealTree:prePrune +-- scmp@1.0.0
191 silly idealTree:prePrune +-- selenium-webdriver@2.47.0
191 silly idealTree:prePrune | +-- tmp@0.0.24
191 silly idealTree:prePrune | `-- ws@0.8.1
191 silly idealTree:prePrune +-- semver@4.3.6
191 silly idealTree:prePrune +-- send@0.13.1
191 silly idealTree:prePrune | +-- depd@1.1.0
191 silly idealTree:prePrune | `-- mime@1.3.4
191 silly idealTree:prePrune +-- serve-favicon@2.3.0
191 silly idealTree:prePrune +-- serve-index@1.7.3
191 silly idealTree:prePrune +-- serve-static@1.10.2
191 silly idealTree:prePrune +-- shelljs@0.2.6
191 silly idealTree:prePrune +-- sigmund@1.0.1
191 silly idealTree:prePrune +-- sntp@1.0.9
191 silly idealTree:prePrune +-- socket.io-client@0.9.16
191 silly idealTree:prePrune +-- socket.io@0.9.16
191 silly idealTree:prePrune +-- source-map-support@0.2.10
191 silly idealTree:prePrune | `-- source-map@0.1.32
191 silly idealTree:prePrune +-- source-map@0.4.4
191 silly idealTree:prePrune +-- statuses@1.2.1
191 silly idealTree:prePrune +-- stream-counter@0.2.0
191 silly idealTree:prePrune | `-- readable-stream@1.1.13
191 silly idealTree:prePrune +-- string_decoder@0.10.31
191 silly idealTree:prePrune +-- stringstream@0.0.5
191 silly idealTree:prePrune +-- strip-ansi@3.0.1
191 silly idealTree:prePrune +-- supports-color@2.0.0
191 silly idealTree:prePrune +-- tinycolor@0.0.1
191 silly idealTree:prePrune +-- tmp@0.0.23
191 silly idealTree:prePrune +-- tough-cookie@2.2.2
191 silly idealTree:prePrune +-- tunnel-agent@0.4.2
191 silly idealTree:prePrune +-- type-is@1.6.12
191 silly idealTree:prePrune +-- uglify-js@1.2.5
191 silly idealTree:prePrune +-- uid-safe@2.1.0
191 silly idealTree:prePrune +-- ultron@1.0.2
191 silly idealTree:prePrune +-- union@0.3.8
191 silly idealTree:prePrune +-- unpipe@1.0.0
191 silly idealTree:prePrune +-- useragent@2.1.8
191 silly idealTree:prePrune +-- utf-8-validate@1.2.1
191 silly idealTree:prePrune | `-- nan@2.2.0
191 silly idealTree:prePrune +-- util-deprecate@1.0.2
191 silly idealTree:prePrune +-- utile@0.2.1
191 silly idealTree:prePrune +-- utils-merge@1.0.0
191 silly idealTree:prePrune +-- vary@1.0.1
191 silly idealTree:prePrune +-- vhost@3.0.2
191 silly idealTree:prePrune +-- which@1.2.4
191 silly idealTree:prePrune +-- wordwrap@0.0.3
191 silly idealTree:prePrune +-- wrappy@1.0.1
191 silly idealTree:prePrune +-- ws@0.4.32
191 silly idealTree:prePrune +-- xml2js@0.4.4
191 silly idealTree:prePrune +-- xmlbuilder@5.0.1
191 silly idealTree:prePrune | `-- lodash@4.6.1
191 silly idealTree:prePrune +-- xmlhttprequest@1.4.2
191 silly idealTree:prePrune +-- xtend@4.0.1
191 silly idealTree:prePrune `-- zeparser@0.0.5
192 silly loadIdealTree Finishing
193 silly currentTree angular-phonecat@0.0.0
193 silly currentTree +-- accepts@1.2.13
193 silly currentTree +-- accessibility-developer-tools@2.6.0
193 silly currentTree +-- active-x-obfuscator@0.0.1
193 silly currentTree +-- adm-zip@0.4.4
193 silly currentTree +-- agent-base@2.0.1
193 silly currentTree | `-- semver@5.0.3
193 silly currentTree +-- amdefine@1.0.0
193 silly currentTree +-- ansi-regex@2.0.0
193 silly currentTree +-- ansi-styles@2.2.0
193 silly currentTree +-- anymatch@1.3.0
193 silly currentTree +-- arr-diff@2.0.0
193 silly currentTree +-- arr-flatten@1.0.1
193 silly currentTree +-- array-unique@0.2.1
193 silly currentTree +-- arrify@1.0.1
193 silly currentTree +-- asn1@0.1.11
193 silly currentTree +-- assert-plus@0.1.5
193 silly currentTree +-- async-each@1.0.0
193 silly currentTree +-- async@0.2.10
193 silly currentTree +-- aws-sign2@0.5.0
193 silly currentTree +-- balanced-match@0.3.0
193 silly currentTree +-- base64-url@1.2.1
193 silly currentTree +-- base64id@0.1.0
193 silly currentTree +-- basic-auth-connect@1.0.0
193 silly currentTree +-- basic-auth@1.0.3
193 silly currentTree +-- batch@0.5.3
193 silly currentTree +-- binary-extensions@1.4.0
193 silly currentTree +-- bl@0.9.5
193 silly currentTree | `-- readable-stream@1.0.33
193 silly currentTree +-- bluebird@2.10.2
193 silly currentTree +-- body-parser@1.13.3
193 silly currentTree | `-- qs@4.0.0
193 silly currentTree +-- boom@2.10.1
193 silly currentTree +-- bower@1.7.7
193 silly currentTree +-- brace-expansion@1.1.3
193 silly currentTree +-- braces@1.8.3
193 silly currentTree +-- bytes@2.1.0
193 silly currentTree +-- caseless@0.10.0
193 silly currentTree +-- chalk@1.1.1
193 silly currentTree +-- chokidar@1.4.3
193 silly currentTree +-- color-convert@1.0.0
193 silly currentTree +-- colors@0.6.2
193 silly currentTree +-- combined-stream@1.0.5
193 silly currentTree +-- commander@2.1.0
193 silly currentTree +-- compressible@2.0.7
193 silly currentTree +-- compression@1.5.2
193 silly currentTree +-- concat-map@0.0.1
193 silly currentTree +-- connect-timeout@1.6.2
193 silly currentTree +-- connect@2.30.2
193 silly currentTree | `-- qs@4.0.0
193 silly currentTree +-- content-type@1.0.1
193 silly currentTree +-- cookie-parser@1.3.5
193 silly currentTree +-- cookie-signature@1.0.6
193 silly currentTree +-- cookie@0.1.3
193 silly currentTree +-- core-util-is@1.0.2
193 silly currentTree +-- crc@3.3.0
193 silly currentTree +-- cryptiles@2.0.5
193 silly currentTree +-- csrf@3.0.1
193 silly currentTree +-- csurf@1.8.3
193 silly currentTree +-- ctype@0.5.3
193 silly currentTree +-- debug@2.2.0
193 silly currentTree +-- deep-equal@1.0.1
193 silly currentTree +-- delayed-stream@1.0.0
193 silly currentTree +-- depd@1.0.1
193 silly currentTree +-- destroy@1.0.4
193 silly currentTree +-- di@0.0.1
193 silly currentTree +-- ecstatic@0.4.13
193 silly currentTree | `-- optimist@0.3.7
193 silly currentTree +-- ee-first@1.1.1
193 silly currentTree +-- ent@0.0.7
193 silly currentTree +-- errorhandler@1.4.3
193 silly currentTree | +-- accepts@1.3.2
193 silly currentTree | `-- negotiator@0.6.0
193 silly currentTree +-- escape-html@1.0.3
193 silly currentTree +-- escape-string-regexp@1.0.5
193 silly currentTree +-- etag@1.7.0
193 silly currentTree +-- exit@0.1.2
193 silly currentTree +-- expand-brackets@0.1.4
193 silly currentTree +-- expand-range@1.8.1
193 silly currentTree +-- express-session@1.11.3
193 silly currentTree | `-- uid-safe@2.0.0
193 silly currentTree +-- extend@3.0.0
193 silly currentTree +-- extglob@0.3.2
193 silly currentTree +-- filename-regex@2.0.0
193 silly currentTree +-- fill-range@2.2.3
193 silly currentTree +-- finalhandler@0.4.0
193 silly currentTree | `-- escape-html@1.0.2
193 silly currentTree +-- for-in@0.1.4
193 silly currentTree +-- for-own@0.1.3
193 silly currentTree +-- forever-agent@0.6.1
193 silly currentTree +-- form-data@0.2.0
193 silly currentTree | +-- async@0.9.2
193 silly currentTree | +-- combined-stream@0.0.7
193 silly currentTree | +-- delayed-stream@0.0.5
193 silly currentTree | +-- mime-db@1.12.0
193 silly currentTree | `-- mime-types@2.0.14
193 silly currentTree +-- fresh@0.3.0
193 silly currentTree +-- generate-function@2.0.0
193 silly currentTree +-- generate-object-property@1.2.0
193 silly currentTree +-- glob-base@0.3.0
193 silly currentTree +-- glob-parent@2.0.0
193 silly currentTree +-- glob@5.0.15
193 silly currentTree +-- graceful-fs@3.0.8
193 silly currentTree +-- graceful-readlink@1.0.1
193 silly currentTree +-- har-validator@1.8.0
193 silly currentTree | `-- commander@2.9.0
193 silly currentTree +-- has-ansi@2.0.0
193 silly currentTree +-- hawk@2.3.1
193 silly currentTree +-- hoek@2.16.3
193 silly currentTree +-- html-entities@1.1.3
193 silly currentTree +-- http-errors@1.3.1
193 silly currentTree +-- http-proxy@0.10.4
193 silly currentTree | +-- optimist@0.6.1
193 silly currentTree | `-- pkginfo@0.3.1
193 silly currentTree +-- http-server@0.6.1
193 silly currentTree +-- http-signature@0.11.0
193 silly currentTree +-- https-proxy-agent@1.0.0
193 silly currentTree +-- i@0.3.4
193 silly currentTree +-- iconv-lite@0.4.11
193 silly currentTree +-- inflight@1.0.4
193 silly currentTree +-- inherits@2.0.1
193 silly currentTree +-- is-absolute@0.1.7
193 silly currentTree +-- is-binary-path@1.0.1
193 silly currentTree +-- is-buffer@1.1.3
193 silly currentTree +-- is-dotfile@1.0.2
193 silly currentTree +-- is-equal-shallow@0.1.3
193 silly currentTree +-- is-extendable@0.1.1
193 silly currentTree +-- is-extglob@1.0.0
193 silly currentTree +-- is-glob@2.0.1
193 silly currentTree +-- is-my-json-valid@2.13.1
193 silly currentTree +-- is-number@2.1.0
193 silly currentTree +-- is-primitive@2.0.0
193 silly currentTree +-- is-property@1.0.2
193 silly currentTree +-- is-relative@0.1.3
193 silly currentTree +-- isarray@0.0.1
193 silly currentTree +-- isexe@1.1.2
193 silly currentTree +-- isobject@2.0.0
193 silly currentTree +-- isstream@0.1.2
193 silly currentTree +-- jasmine-core@2.3.4
193 silly currentTree +-- jasmine@2.3.2
193 silly currentTree | +-- glob@3.2.11
193 silly currentTree | `-- minimatch@0.3.0
193 silly currentTree +-- jasminewd@1.1.0
193 silly currentTree +-- jasminewd2@0.0.6
193 silly currentTree +-- json-stringify-safe@5.0.1
193 silly currentTree +-- jsonpointer@2.0.0
193 silly currentTree +-- karma-chrome-launcher@0.1.12
193 silly currentTree +-- karma-firefox-launcher@0.1.7
193 silly currentTree +-- karma-jasmine@0.1.6
193 silly currentTree +-- karma@0.12.37
193 silly currentTree | +-- colors@1.1.2
193 silly currentTree | +-- mime@1.3.4
193 silly currentTree | `-- optimist@0.6.1
193 silly currentTree +-- kind-of@3.0.2
193 silly currentTree +-- lodash@3.10.1
193 silly currentTree +-- log4js@0.6.33
193 silly currentTree | `-- readable-stream@1.0.33
193 silly currentTree +-- lru-cache@2.2.4
193 silly currentTree +-- media-typer@0.3.0
193 silly currentTree +-- method-override@2.3.5
193 silly currentTree +-- methods@1.1.2
193 silly currentTree +-- micromatch@2.3.7
193 silly currentTree +-- mime-db@1.22.0
193 silly currentTree +-- mime-types@2.1.10
193 silly currentTree +-- mime@1.2.11
193 silly currentTree +-- minijasminenode@1.1.1
193 silly currentTree +-- minimatch@2.0.10
193 silly currentTree +-- minimist@0.0.10
193 silly currentTree +-- mkdirp@0.0.7
193 silly currentTree +-- morgan@1.6.1
193 silly currentTree +-- ms@0.7.1
193 silly currentTree +-- multiparty@3.3.2
193 silly currentTree | `-- readable-stream@1.1.13
193 silly currentTree +-- nan@1.0.0
193 silly currentTree +-- ncp@0.4.2
193 silly currentTree +-- negotiator@0.5.3
193 silly currentTree +-- node-uuid@1.4.7
193 silly currentTree +-- normalize-path@2.0.1
193 silly currentTree +-- oauth-sign@0.8.1
193 silly currentTree +-- object.omit@2.0.0
193 silly currentTree +-- on-finished@2.3.0
193 silly currentTree +-- on-headers@1.0.1
193 silly currentTree +-- once@1.3.3
193 silly currentTree +-- opener@1.3.0
193 silly currentTree +-- optimist@0.5.2
193 silly currentTree +-- options@0.0.6
193 silly currentTree +-- parse-glob@3.0.4
193 silly currentTree +-- parseurl@1.3.1
193 silly currentTree +-- path-is-absolute@1.0.0
193 silly currentTree +-- pause@0.1.0
193 silly currentTree +-- pkginfo@0.2.3
193 silly currentTree +-- policyfile@0.0.4
193 silly currentTree +-- portfinder@0.2.1
193 silly currentTree +-- preserve@0.2.0
193 silly currentTree +-- process-nextick-args@1.0.6
193 silly currentTree +-- protractor@2.5.1
193 silly currentTree | +-- glob@3.2.11
193 silly currentTree | +-- lodash@2.4.2
193 silly currentTree | +-- minimatch@0.3.0
193 silly currentTree | +-- optimist@0.6.1
193 silly currentTree | `-- q@1.0.0
193 silly currentTree +-- q@1.4.1
193 silly currentTree +-- qs@0.5.6
193 silly currentTree +-- random-bytes@1.0.0
193 silly currentTree +-- randomatic@1.1.5
193 silly currentTree +-- range-parser@1.0.3
193 silly currentTree +-- raw-body@2.1.6
193 silly currentTree | +-- bytes@2.3.0
193 silly currentTree | `-- iconv-lite@0.4.13
193 silly currentTree +-- readable-stream@2.0.6
193 silly currentTree | `-- isarray@1.0.0
193 silly currentTree +-- readdirp@2.0.0
193 silly currentTree | `-- graceful-fs@4.1.3
193 silly currentTree +-- redis@0.7.3
193 silly currentTree +-- regex-cache@0.4.2
193 silly currentTree +-- repeat-element@1.1.2
193 silly currentTree +-- repeat-string@1.5.4
193 silly currentTree +-- request@2.57.0
193 silly currentTree | +-- mime-db@1.12.0
193 silly currentTree | +-- mime-types@2.0.14
193 silly currentTree | `-- qs@3.1.0
193 silly currentTree +-- response-time@2.3.1
193 silly currentTree +-- rimraf@2.5.2
193 silly currentTree | `-- glob@7.0.3
193 silly currentTree +-- rndm@1.2.0
193 silly currentTree +-- saucelabs@1.0.1
193 silly currentTree +-- sax@0.6.1
193 silly currentTree +-- scmp@1.0.0
193 silly currentTree +-- selenium-webdriver@2.47.0
193 silly currentTree | +-- tmp@0.0.24
193 silly currentTree | `-- ws@0.8.1
193 silly currentTree +-- semver@4.3.6
193 silly currentTree +-- send@0.13.1
193 silly currentTree | +-- depd@1.1.0
193 silly currentTree | `-- mime@1.3.4
193 silly currentTree +-- serve-favicon@2.3.0
193 silly currentTree +-- serve-index@1.7.3
193 silly currentTree +-- serve-static@1.10.2
193 silly currentTree +-- shelljs@0.2.6
193 silly currentTree +-- sigmund@1.0.1
193 silly currentTree +-- sntp@1.0.9
193 silly currentTree +-- socket.io-client@0.9.16
193 silly currentTree +-- socket.io@0.9.16
193 silly currentTree +-- source-map-support@0.2.10
193 silly currentTree | `-- source-map@0.1.32
193 silly currentTree +-- source-map@0.4.4
193 silly currentTree +-- statuses@1.2.1
193 silly currentTree +-- stream-counter@0.2.0
193 silly currentTree | `-- readable-stream@1.1.13
193 silly currentTree +-- string_decoder@0.10.31
193 silly currentTree +-- stringstream@0.0.5
193 silly currentTree +-- strip-ansi@3.0.1
193 silly currentTree +-- supports-color@2.0.0
193 silly currentTree +-- tinycolor@0.0.1
193 silly currentTree +-- tmp@0.0.23
193 silly currentTree +-- tough-cookie@2.2.2
193 silly currentTree +-- tunnel-agent@0.4.2
193 silly currentTree +-- type-is@1.6.12
193 silly currentTree +-- uglify-js@1.2.5
193 silly currentTree +-- uid-safe@2.1.0
193 silly currentTree +-- ultron@1.0.2
193 silly currentTree +-- union@0.3.8
193 silly currentTree +-- unpipe@1.0.0
193 silly currentTree +-- useragent@2.1.8
193 silly currentTree +-- util-deprecate@1.0.2
193 silly currentTree +-- utile@0.2.1
193 silly currentTree +-- utils-merge@1.0.0
193 silly currentTree +-- vary@1.0.1
193 silly currentTree +-- vhost@3.0.2
193 silly currentTree +-- which@1.2.4
193 silly currentTree +-- wordwrap@0.0.3
193 silly currentTree +-- wrappy@1.0.1
193 silly currentTree +-- ws@0.4.32
193 silly currentTree +-- xml2js@0.4.4
193 silly currentTree +-- xmlbuilder@5.0.1
193 silly currentTree | `-- lodash@4.6.1
193 silly currentTree +-- xmlhttprequest@1.4.2
193 silly currentTree +-- xtend@4.0.1
193 silly currentTree `-- zeparser@0.0.5
194 silly idealTree angular-phonecat@0.0.0
194 silly idealTree +-- accepts@1.2.13
194 silly idealTree +-- accessibility-developer-tools@2.6.0
194 silly idealTree +-- active-x-obfuscator@0.0.1
194 silly idealTree +-- adm-zip@0.4.4
194 silly idealTree +-- agent-base@2.0.1
194 silly idealTree | `-- semver@5.0.3
194 silly idealTree +-- amdefine@1.0.0
194 silly idealTree +-- ansi-regex@2.0.0
194 silly idealTree +-- ansi-styles@2.2.0
194 silly idealTree +-- anymatch@1.3.0
194 silly idealTree +-- arr-diff@2.0.0
194 silly idealTree +-- arr-flatten@1.0.1
194 silly idealTree +-- array-unique@0.2.1
194 silly idealTree +-- arrify@1.0.1
194 silly idealTree +-- asn1@0.1.11
194 silly idealTree +-- assert-plus@0.1.5
194 silly idealTree +-- async-each@1.0.0
194 silly idealTree +-- async@0.2.10
194 silly idealTree +-- aws-sign2@0.5.0
194 silly idealTree +-- balanced-match@0.3.0
194 silly idealTree +-- base64-url@1.2.1
194 silly idealTree +-- base64id@0.1.0
194 silly idealTree +-- basic-auth-connect@1.0.0
194 silly idealTree +-- basic-auth@1.0.3
194 silly idealTree +-- batch@0.5.3
194 silly idealTree +-- binary-extensions@1.4.0
194 silly idealTree +-- bindings@1.2.1
194 silly idealTree +-- bl@0.9.5
194 silly idealTree | `-- readable-stream@1.0.33
194 silly idealTree +-- bluebird@2.10.2
194 silly idealTree +-- body-parser@1.13.3
194 silly idealTree | `-- qs@4.0.0
194 silly idealTree +-- boom@2.10.1
194 silly idealTree +-- bower@1.7.7
194 silly idealTree +-- brace-expansion@1.1.3
194 silly idealTree +-- braces@1.8.3
194 silly idealTree +-- bufferutil@1.2.1
194 silly idealTree | `-- nan@2.2.0
194 silly idealTree +-- bytes@2.1.0
194 silly idealTree +-- caseless@0.10.0
194 silly idealTree +-- chalk@1.1.1
194 silly idealTree +-- chokidar@1.4.3
194 silly idealTree +-- color-convert@1.0.0
194 silly idealTree +-- colors@0.6.2
194 silly idealTree +-- combined-stream@1.0.5
194 silly idealTree +-- commander@2.1.0
194 silly idealTree +-- compressible@2.0.7
194 silly idealTree +-- compression@1.5.2
194 silly idealTree +-- concat-map@0.0.1
194 silly idealTree +-- connect-timeout@1.6.2
194 silly idealTree +-- connect@2.30.2
194 silly idealTree | `-- qs@4.0.0
194 silly idealTree +-- content-type@1.0.1
194 silly idealTree +-- cookie-parser@1.3.5
194 silly idealTree +-- cookie-signature@1.0.6
194 silly idealTree +-- cookie@0.1.3
194 silly idealTree +-- core-util-is@1.0.2
194 silly idealTree +-- crc@3.3.0
194 silly idealTree +-- cryptiles@2.0.5
194 silly idealTree +-- csrf@3.0.1
194 silly idealTree +-- csurf@1.8.3
194 silly idealTree +-- ctype@0.5.3
194 silly idealTree +-- debug@2.2.0
194 silly idealTree +-- deep-equal@1.0.1
194 silly idealTree +-- delayed-stream@1.0.0
194 silly idealTree +-- depd@1.0.1
194 silly idealTree +-- destroy@1.0.4
194 silly idealTree +-- di@0.0.1
194 silly idealTree +-- ecstatic@0.4.13
194 silly idealTree | `-- optimist@0.3.7
194 silly idealTree +-- ee-first@1.1.1
194 silly idealTree +-- ent@0.0.7
194 silly idealTree +-- errorhandler@1.4.3
194 silly idealTree | +-- accepts@1.3.2
194 silly idealTree | `-- negotiator@0.6.0
194 silly idealTree +-- escape-html@1.0.3
194 silly idealTree +-- escape-string-regexp@1.0.5
194 silly idealTree +-- etag@1.7.0
194 silly idealTree +-- exit@0.1.2
194 silly idealTree +-- expand-brackets@0.1.4
194 silly idealTree +-- expand-range@1.8.1
194 silly idealTree +-- express-session@1.11.3
194 silly idealTree | `-- uid-safe@2.0.0
194 silly idealTree +-- extend@3.0.0
194 silly idealTree +-- extglob@0.3.2
194 silly idealTree +-- filename-regex@2.0.0
194 silly idealTree +-- fill-range@2.2.3
194 silly idealTree +-- finalhandler@0.4.0
194 silly idealTree | `-- escape-html@1.0.2
194 silly idealTree +-- for-in@0.1.4
194 silly idealTree +-- for-own@0.1.3
194 silly idealTree +-- forever-agent@0.6.1
194 silly idealTree +-- form-data@0.2.0
194 silly idealTree | +-- async@0.9.2
194 silly idealTree | +-- combined-stream@0.0.7
194 silly idealTree | +-- delayed-stream@0.0.5
194 silly idealTree | +-- mime-db@1.12.0
194 silly idealTree | `-- mime-types@2.0.14
194 silly idealTree +-- fresh@0.3.0
194 silly idealTree +-- generate-function@2.0.0
194 silly idealTree +-- generate-object-property@1.2.0
194 silly idealTree +-- glob-base@0.3.0
194 silly idealTree +-- glob-parent@2.0.0
194 silly idealTree +-- glob@5.0.15
194 silly idealTree +-- graceful-fs@3.0.8
194 silly idealTree +-- graceful-readlink@1.0.1
194 silly idealTree +-- har-validator@1.8.0
194 silly idealTree | `-- commander@2.9.0
194 silly idealTree +-- has-ansi@2.0.0
194 silly idealTree +-- hawk@2.3.1
194 silly idealTree +-- hoek@2.16.3
194 silly idealTree +-- html-entities@1.1.3
194 silly idealTree +-- http-errors@1.3.1
194 silly idealTree +-- http-proxy@0.10.4
194 silly idealTree | +-- optimist@0.6.1
194 silly idealTree | `-- pkginfo@0.3.1
194 silly idealTree +-- http-server@0.6.1
194 silly idealTree +-- http-signature@0.11.0
194 silly idealTree +-- https-proxy-agent@1.0.0
194 silly idealTree +-- i@0.3.4
194 silly idealTree +-- iconv-lite@0.4.11
194 silly idealTree +-- inflight@1.0.4
194 silly idealTree +-- inherits@2.0.1
194 silly idealTree +-- is-absolute@0.1.7
194 silly idealTree +-- is-binary-path@1.0.1
194 silly idealTree +-- is-buffer@1.1.3
194 silly idealTree +-- is-dotfile@1.0.2
194 silly idealTree +-- is-equal-shallow@0.1.3
194 silly idealTree +-- is-extendable@0.1.1
194 silly idealTree +-- is-extglob@1.0.0
194 silly idealTree +-- is-glob@2.0.1
194 silly idealTree +-- is-my-json-valid@2.13.1
194 silly idealTree +-- is-number@2.1.0
194 silly idealTree +-- is-primitive@2.0.0
194 silly idealTree +-- is-property@1.0.2
194 silly idealTree +-- is-relative@0.1.3
194 silly idealTree +-- isarray@0.0.1
194 silly idealTree +-- isexe@1.1.2
194 silly idealTree +-- isobject@2.0.0
194 silly idealTree +-- isstream@0.1.2
194 silly idealTree +-- jasmine-core@2.3.4
194 silly idealTree +-- jasmine@2.3.2
194 silly idealTree | +-- glob@3.2.11
194 silly idealTree | `-- minimatch@0.3.0
194 silly idealTree +-- jasminewd@1.1.0
194 silly idealTree +-- jasminewd2@0.0.6
194 silly idealTree +-- json-stringify-safe@5.0.1
194 silly idealTree +-- jsonpointer@2.0.0
194 silly idealTree +-- karma-chrome-launcher@0.1.12
194 silly idealTree +-- karma-firefox-launcher@0.1.7
194 silly idealTree +-- karma-jasmine@0.1.6
194 silly idealTree +-- karma@0.12.37
194 silly idealTree | +-- colors@1.1.2
194 silly idealTree | +-- mime@1.3.4
194 silly idealTree | `-- optimist@0.6.1
194 silly idealTree +-- kind-of@3.0.2
194 silly idealTree +-- lodash@3.10.1
194 silly idealTree +-- log4js@0.6.33
194 silly idealTree | `-- readable-stream@1.0.33
194 silly idealTree +-- lru-cache@2.2.4
194 silly idealTree +-- media-typer@0.3.0
194 silly idealTree +-- method-override@2.3.5
194 silly idealTree +-- methods@1.1.2
194 silly idealTree +-- micromatch@2.3.7
194 silly idealTree +-- mime-db@1.22.0
194 silly idealTree +-- mime-types@2.1.10
194 silly idealTree +-- mime@1.2.11
194 silly idealTree +-- minijasminenode@1.1.1
194 silly idealTree +-- minimatch@2.0.10
194 silly idealTree +-- minimist@0.0.10
194 silly idealTree +-- mkdirp@0.0.7
194 silly idealTree +-- morgan@1.6.1
194 silly idealTree +-- ms@0.7.1
194 silly idealTree +-- multiparty@3.3.2
194 silly idealTree | `-- readable-stream@1.1.13
194 silly idealTree +-- nan@1.0.0
194 silly idealTree +-- ncp@0.4.2
194 silly idealTree +-- negotiator@0.5.3
194 silly idealTree +-- node-uuid@1.4.7
194 silly idealTree +-- normalize-path@2.0.1
194 silly idealTree +-- oauth-sign@0.8.1
194 silly idealTree +-- object.omit@2.0.0
194 silly idealTree +-- on-finished@2.3.0
194 silly idealTree +-- on-headers@1.0.1
194 silly idealTree +-- once@1.3.3
194 silly idealTree +-- opener@1.3.0
194 silly idealTree +-- optimist@0.5.2
194 silly idealTree +-- options@0.0.6
194 silly idealTree +-- parse-glob@3.0.4
194 silly idealTree +-- parseurl@1.3.1
194 silly idealTree +-- path-is-absolute@1.0.0
194 silly idealTree +-- pause@0.1.0
194 silly idealTree +-- pkginfo@0.2.3
194 silly idealTree +-- policyfile@0.0.4
194 silly idealTree +-- portfinder@0.2.1
194 silly idealTree +-- preserve@0.2.0
194 silly idealTree +-- process-nextick-args@1.0.6
194 silly idealTree +-- protractor@2.5.1
194 silly idealTree | +-- glob@3.2.11
194 silly idealTree | +-- lodash@2.4.2
194 silly idealTree | +-- minimatch@0.3.0
194 silly idealTree | +-- optimist@0.6.1
194 silly idealTree | `-- q@1.0.0
194 silly idealTree +-- q@1.4.1
194 silly idealTree +-- qs@0.5.6
194 silly idealTree +-- random-bytes@1.0.0
194 silly idealTree +-- randomatic@1.1.5
194 silly idealTree +-- range-parser@1.0.3
194 silly idealTree +-- raw-body@2.1.6
194 silly idealTree | +-- bytes@2.3.0
194 silly idealTree | `-- iconv-lite@0.4.13
194 silly idealTree +-- readable-stream@2.0.6
194 silly idealTree | `-- isarray@1.0.0
194 silly idealTree +-- readdirp@2.0.0
194 silly idealTree | `-- graceful-fs@4.1.3
194 silly idealTree +-- redis@0.7.3
194 silly idealTree +-- regex-cache@0.4.2
194 silly idealTree +-- repeat-element@1.1.2
194 silly idealTree +-- repeat-string@1.5.4
194 silly idealTree +-- request@2.57.0
194 silly idealTree | +-- mime-db@1.12.0
194 silly idealTree | +-- mime-types@2.0.14
194 silly idealTree | `-- qs@3.1.0
194 silly idealTree +-- response-time@2.3.1
194 silly idealTree +-- rimraf@2.5.2
194 silly idealTree | `-- glob@7.0.3
194 silly idealTree +-- rndm@1.2.0
194 silly idealTree +-- saucelabs@1.0.1
194 silly idealTree +-- sax@0.6.1
194 silly idealTree +-- scmp@1.0.0
194 silly idealTree +-- selenium-webdriver@2.47.0
194 silly idealTree | +-- tmp@0.0.24
194 silly idealTree | `-- ws@0.8.1
194 silly idealTree +-- semver@4.3.6
194 silly idealTree +-- send@0.13.1
194 silly idealTree | +-- depd@1.1.0
194 silly idealTree | `-- mime@1.3.4
194 silly idealTree +-- serve-favicon@2.3.0
194 silly idealTree +-- serve-index@1.7.3
194 silly idealTree +-- serve-static@1.10.2
194 silly idealTree +-- shelljs@0.2.6
194 silly idealTree +-- sigmund@1.0.1
194 silly idealTree +-- sntp@1.0.9
194 silly idealTree +-- socket.io-client@0.9.16
194 silly idealTree +-- socket.io@0.9.16
194 silly idealTree +-- source-map-support@0.2.10
194 silly idealTree | `-- source-map@0.1.32
194 silly idealTree +-- source-map@0.4.4
194 silly idealTree +-- statuses@1.2.1
194 silly idealTree +-- stream-counter@0.2.0
194 silly idealTree | `-- readable-stream@1.1.13
194 silly idealTree +-- string_decoder@0.10.31
194 silly idealTree +-- stringstream@0.0.5
194 silly idealTree +-- strip-ansi@3.0.1
194 silly idealTree +-- supports-color@2.0.0
194 silly idealTree +-- tinycolor@0.0.1
194 silly idealTree +-- tmp@0.0.23
194 silly idealTree +-- tough-cookie@2.2.2
194 silly idealTree +-- tunnel-agent@0.4.2
194 silly idealTree +-- type-is@1.6.12
194 silly idealTree +-- uglify-js@1.2.5
194 silly idealTree +-- uid-safe@2.1.0
194 silly idealTree +-- ultron@1.0.2
194 silly idealTree +-- union@0.3.8
194 silly idealTree +-- unpipe@1.0.0
194 silly idealTree +-- useragent@2.1.8
194 silly idealTree +-- utf-8-validate@1.2.1
194 silly idealTree | `-- nan@2.2.0
194 silly idealTree +-- util-deprecate@1.0.2
194 silly idealTree +-- utile@0.2.1
194 silly idealTree +-- utils-merge@1.0.0
194 silly idealTree +-- vary@1.0.1
194 silly idealTree +-- vhost@3.0.2
194 silly idealTree +-- which@1.2.4
194 silly idealTree +-- wordwrap@0.0.3
194 silly idealTree +-- wrappy@1.0.1
194 silly idealTree +-- ws@0.4.32
194 silly idealTree +-- xml2js@0.4.4
194 silly idealTree +-- xmlbuilder@5.0.1
194 silly idealTree | `-- lodash@4.6.1
194 silly idealTree +-- xmlhttprequest@1.4.2
194 silly idealTree +-- xtend@4.0.1
194 silly idealTree `-- zeparser@0.0.5
195 silly generateActionsToTake Starting
196 silly install generateActionsToTake
197 silly generateActionsToTake Finishing
198 silly diffTrees action count 5
199 silly diffTrees add bindings@1.2.1
200 silly diffTrees add nan@2.2.0
201 silly diffTrees add bufferutil@1.2.1
202 silly diffTrees add nan@2.2.0
203 silly diffTrees add utf-8-validate@1.2.1
204 silly decomposeActions action count 40
205 silly decomposeActions fetch bindings@1.2.1
206 silly decomposeActions extract bindings@1.2.1
207 silly decomposeActions test bindings@1.2.1
208 silly decomposeActions preinstall bindings@1.2.1
209 silly decomposeActions build bindings@1.2.1
210 silly decomposeActions install bindings@1.2.1
211 silly decomposeActions postinstall bindings@1.2.1
212 silly decomposeActions finalize bindings@1.2.1
213 silly decomposeActions fetch nan@2.2.0
214 silly decomposeActions extract nan@2.2.0
215 silly decomposeActions test nan@2.2.0
216 silly decomposeActions preinstall nan@2.2.0
217 silly decomposeActions build nan@2.2.0
218 silly decomposeActions install nan@2.2.0
219 silly decomposeActions postinstall nan@2.2.0
220 silly decomposeActions finalize nan@2.2.0
221 silly decomposeActions fetch bufferutil@1.2.1
222 silly decomposeActions extract bufferutil@1.2.1
223 silly decomposeActions test bufferutil@1.2.1
224 silly decomposeActions preinstall bufferutil@1.2.1
225 silly decomposeActions build bufferutil@1.2.1
226 silly decomposeActions install bufferutil@1.2.1
227 silly decomposeActions postinstall bufferutil@1.2.1
228 silly decomposeActions finalize bufferutil@1.2.1
229 silly decomposeActions fetch nan@2.2.0
230 silly decomposeActions extract nan@2.2.0
231 silly decomposeActions test nan@2.2.0
232 silly decomposeActions preinstall nan@2.2.0
233 silly decomposeActions build nan@2.2.0
234 silly decomposeActions install nan@2.2.0
235 silly decomposeActions postinstall nan@2.2.0
236 silly decomposeActions finalize nan@2.2.0
237 silly decomposeActions fetch utf-8-validate@1.2.1
238 silly decomposeActions extract utf-8-validate@1.2.1
239 silly decomposeActions test utf-8-validate@1.2.1
240 silly decomposeActions preinstall utf-8-validate@1.2.1
241 silly decomposeActions build utf-8-validate@1.2.1
242 silly decomposeActions install utf-8-validate@1.2.1
243 silly decomposeActions postinstall utf-8-validate@1.2.1
244 silly decomposeActions finalize utf-8-validate@1.2.1
245 silly executeActions Starting
246 silly install executeActions
247 silly doSerial global-install 0
248 silly doParallel fetch 5
249 verbose correctMkdir C:\Users\Balas\AppData\Roaming\npm-cache\_locks correctMkdir not in flight; initializing
250 verbose lock using C:\Users\Balas\AppData\Roaming\npm-cache\_locks\staging-1b1aa4bcd2b8d288.lock for C:\MyWork\WebApps\Accounting\node_modules\.staging
251 silly doParallel extract 5
252 silly extract bindings@1.2.1
253 silly extract nan@2.2.0
254 silly extract bufferutil@1.2.1
255 silly extract nan@2.2.0
256 silly extract utf-8-validate@1.2.1
257 verbose unbuild node_modules\.staging\bindings-90743d30
258 verbose unbuild node_modules\.staging\nan-636cbfa6
259 verbose unbuild node_modules\.staging\bufferutil-6589021c
260 verbose unbuild node_modules\.staging\nan-33e3f79e
261 verbose unbuild node_modules\.staging\utf-8-validate-2373b0df
262 silly gentlyRm C:\MyWork\WebApps\Accounting\node_modules\.staging\bindings-90743d30 is being purged from base C:\MyWork\WebApps\Accounting
263 verbose gentlyRm don't care about contents; nuking C:\MyWork\WebApps\Accounting\node_modules\.staging\bindings-90743d30
264 silly gentlyRm C:\MyWork\WebApps\Accounting\node_modules\.staging\nan-636cbfa6 is being purged from base C:\MyWork\WebApps\Accounting
265 verbose gentlyRm don't care about contents; nuking C:\MyWork\WebApps\Accounting\node_modules\.staging\nan-636cbfa6
266 silly gentlyRm C:\MyWork\WebApps\Accounting\node_modules\.staging\bufferutil-6589021c is being purged from base C:\MyWork\WebApps\Accounting
267 verbose gentlyRm don't care about contents; nuking C:\MyWork\WebApps\Accounting\node_modules\.staging\bufferutil-6589021c
268 silly gentlyRm C:\MyWork\WebApps\Accounting\node_modules\.staging\nan-33e3f79e is being purged from base C:\MyWork\WebApps\Accounting
269 verbose gentlyRm don't care about contents; nuking C:\MyWork\WebApps\Accounting\node_modules\.staging\nan-33e3f79e
270 silly gentlyRm C:\MyWork\WebApps\Accounting\node_modules\.staging\utf-8-validate-2373b0df is being purged from base C:\MyWork\WebApps\Accounting
271 verbose gentlyRm don't care about contents; nuking C:\MyWork\WebApps\Accounting\node_modules\.staging\utf-8-validate-2373b0df
272 verbose tar unpack C:\Users\Balas\AppData\Roaming\npm-cache\bindings\1.2.1\package.tgz
273 verbose tar unpacking to C:\MyWork\WebApps\Accounting\node_modules\.staging\bindings-90743d30
274 silly gentlyRm C:\MyWork\WebApps\Accounting\node_modules\.staging\bindings-90743d30 is being purged
275 verbose gentlyRm don't care about contents; nuking C:\MyWork\WebApps\Accounting\node_modules\.staging\bindings-90743d30
276 verbose tar unpack C:\Users\Balas\AppData\Roaming\npm-cache\nan\2.2.0\package.tgz
277 verbose tar unpacking to C:\MyWork\WebApps\Accounting\node_modules\.staging\nan-636cbfa6
278 silly gentlyRm C:\MyWork\WebApps\Accounting\node_modules\.staging\nan-636cbfa6 is being purged
279 verbose gentlyRm don't care about contents; nuking C:\MyWork\WebApps\Accounting\node_modules\.staging\nan-636cbfa6
280 verbose tar unpack C:\Users\Balas\AppData\Roaming\npm-cache\bufferutil\1.2.1\package.tgz
281 verbose tar unpacking to C:\MyWork\WebApps\Accounting\node_modules\.staging\bufferutil-6589021c
282 silly gentlyRm C:\MyWork\WebApps\Accounting\node_modules\.staging\bufferutil-6589021c is being purged
283 verbose gentlyRm don't care about contents; nuking C:\MyWork\WebApps\Accounting\node_modules\.staging\bufferutil-6589021c
284 verbose tar unpack C:\Users\Balas\AppData\Roaming\npm-cache\nan\2.2.0\package.tgz
285 verbose tar unpacking to C:\MyWork\WebApps\Accounting\node_modules\.staging\nan-33e3f79e
286 silly gentlyRm C:\MyWork\WebApps\Accounting\node_modules\.staging\nan-33e3f79e is being purged
287 verbose gentlyRm don't care about contents; nuking C:\MyWork\WebApps\Accounting\node_modules\.staging\nan-33e3f79e
288 verbose tar unpack C:\Users\Balas\AppData\Roaming\npm-cache\utf-8-validate\1.2.1\package.tgz
289 verbose tar unpacking to C:\MyWork\WebApps\Accounting\node_modules\.staging\utf-8-validate-2373b0df
290 silly gentlyRm C:\MyWork\WebApps\Accounting\node_modules\.staging\utf-8-validate-2373b0df is being purged
291 verbose gentlyRm don't care about contents; nuking C:\MyWork\WebApps\Accounting\node_modules\.staging\utf-8-validate-2373b0df
292 silly gunzTarPerm modes [ '777', '666' ]
293 silly gunzTarPerm modes [ '777', '666' ]
294 silly gunzTarPerm modes [ '777', '666' ]
295 silly gunzTarPerm modes [ '777', '666' ]
296 silly gunzTarPerm modes [ '777', '666' ]
297 silly gunzTarPerm extractEntry package.json
298 silly gunzTarPerm modified mode [ 'package.json', 420, 438 ]
299 silly gunzTarPerm extractEntry package.json
300 silly gunzTarPerm modified mode [ 'package.json', 420, 438 ]
301 silly gunzTarPerm extractEntry package.json
302 silly gunzTarPerm modified mode [ 'package.json', 436, 438 ]
303 silly gunzTarPerm extractEntry package.json
304 silly gunzTarPerm modified mode [ 'package.json', 436, 438 ]
305 silly gunzTarPerm extractEntry package.json
306 silly gunzTarPerm modified mode [ 'package.json', 420, 438 ]
307 silly gunzTarPerm extractEntry README.md
308 silly gunzTarPerm modified mode [ 'README.md', 420, 438 ]
309 silly gunzTarPerm extractEntry bindings.js
310 silly gunzTarPerm modified mode [ 'bindings.js', 420, 438 ]
311 silly gunzTarPerm extractEntry .npmignore
312 silly gunzTarPerm modified mode [ '.npmignore', 420, 438 ]
313 silly gunzTarPerm extractEntry README.md
314 silly gunzTarPerm modified mode [ 'README.md', 420, 438 ]
315 silly gunzTarPerm extractEntry README.md
316 silly gunzTarPerm modified mode [ 'README.md', 436, 438 ]
317 silly gunzTarPerm extractEntry README.md
318 silly gunzTarPerm modified mode [ 'README.md', 436, 438 ]
319 silly gunzTarPerm extractEntry .npmignore
320 silly gunzTarPerm modified mode [ '.npmignore', 420, 438 ]
321 silly gunzTarPerm extractEntry README.md
322 silly gunzTarPerm modified mode [ 'README.md', 420, 438 ]
323 silly gunzTarPerm extractEntry include_dirs.js
324 silly gunzTarPerm modified mode [ 'include_dirs.js', 436, 438 ]
325 silly gunzTarPerm extractEntry include_dirs.js
326 silly gunzTarPerm modified mode [ 'include_dirs.js', 436, 438 ]
327 silly gunzTarPerm extractEntry fallback.js
328 silly gunzTarPerm modified mode [ 'fallback.js', 420, 438 ]
329 silly gunzTarPerm extractEntry index.js
330 silly gunzTarPerm modified mode [ 'index.js', 420, 438 ]
331 silly gunzTarPerm extractEntry nan_converters.h
332 silly gunzTarPerm modified mode [ 'nan_converters.h', 436, 438 ]
333 silly gunzTarPerm extractEntry LICENSE.md
334 silly gunzTarPerm modified mode [ 'LICENSE.md', 436, 438 ]
335 silly gunzTarPerm extractEntry .dntrc
336 silly gunzTarPerm modified mode [ '.dntrc', 436, 438 ]
337 silly gunzTarPerm extractEntry nan_converters.h
338 silly gunzTarPerm modified mode [ 'nan_converters.h', 436, 438 ]
339 silly gunzTarPerm extractEntry LICENSE.md
340 silly gunzTarPerm modified mode [ 'LICENSE.md', 436, 438 ]
341 silly gunzTarPerm extractEntry .dntrc
342 silly gunzTarPerm modified mode [ '.dntrc', 436, 438 ]
343 silly gunzTarPerm extractEntry fallback.js
344 silly gunzTarPerm modified mode [ 'fallback.js', 420, 438 ]
345 silly gunzTarPerm extractEntry index.js
346 silly gunzTarPerm modified mode [ 'index.js', 420, 438 ]
347 silly gunzTarPerm extractEntry appveyor.yml
348 silly gunzTarPerm modified mode [ 'appveyor.yml', 436, 438 ]
349 silly gunzTarPerm extractEntry appveyor.yml
350 silly gunzTarPerm modified mode [ 'appveyor.yml', 436, 438 ]
351 silly gunzTarPerm extractEntry .travis.yml
352 silly gunzTarPerm modified mode [ '.travis.yml', 420, 438 ]
353 silly gunzTarPerm extractEntry binding.gyp
354 silly gunzTarPerm modified mode [ 'binding.gyp', 420, 438 ]
355 silly gunzTarPerm extractEntry binding.gyp
356 silly gunzTarPerm modified mode [ 'binding.gyp', 420, 438 ]
357 silly gunzTarPerm extractEntry .travis.yml
358 silly gunzTarPerm modified mode [ '.travis.yml', 420, 438 ]
359 silly gunzTarPerm extractEntry doc/new.md
360 silly gunzTarPerm modified mode [ 'doc/new.md', 436, 438 ]
361 silly gunzTarPerm extractEntry doc/.build.sh
362 silly gunzTarPerm modified mode [ 'doc/.build.sh', 509, 511 ]
363 silly gunzTarPerm extractEntry doc/new.md
364 silly gunzTarPerm modified mode [ 'doc/new.md', 436, 438 ]
365 silly gunzTarPerm extractEntry doc/.build.sh
366 silly gunzTarPerm modified mode [ 'doc/.build.sh', 509, 511 ]
367 silly gunzTarPerm extractEntry src/bufferutil.cc
368 silly gunzTarPerm modified mode [ 'src/bufferutil.cc', 420, 438 ]
369 silly gunzTarPerm extractEntry src/validation.cc
370 silly gunzTarPerm modified mode [ 'src/validation.cc', 420, 438 ]
371 silly gunzTarPerm extractEntry doc/buffers.md
372 silly gunzTarPerm modified mode [ 'doc/buffers.md', 436, 438 ]
373 silly gunzTarPerm extractEntry doc/callback.md
374 silly gunzTarPerm modified mode [ 'doc/callback.md', 436, 438 ]
375 silly gunzTarPerm extractEntry doc/buffers.md
376 silly gunzTarPerm modified mode [ 'doc/buffers.md', 436, 438 ]
377 silly gunzTarPerm extractEntry doc/callback.md
378 silly gunzTarPerm modified mode [ 'doc/callback.md', 436, 438 ]
379 silly gunzTarPerm extractEntry doc/converters.md
380 silly gunzTarPerm modified mode [ 'doc/converters.md', 436, 438 ]
381 silly gunzTarPerm extractEntry doc/errors.md
382 silly gunzTarPerm modified mode [ 'doc/errors.md', 436, 438 ]
383 silly gunzTarPerm extractEntry doc/converters.md
384 silly gunzTarPerm modified mode [ 'doc/converters.md', 436, 438 ]
385 silly gunzTarPerm extractEntry doc/errors.md
386 silly gunzTarPerm modified mode [ 'doc/errors.md', 436, 438 ]
387 silly gunzTarPerm extractEntry doc/maybe_types.md
388 silly gunzTarPerm modified mode [ 'doc/maybe_types.md', 436, 438 ]
389 silly gunzTarPerm extractEntry doc/methods.md
390 silly gunzTarPerm modified mode [ 'doc/methods.md', 436, 438 ]
391 silly gunzTarPerm extractEntry doc/maybe_types.md
392 silly gunzTarPerm modified mode [ 'doc/maybe_types.md', 436, 438 ]
393 silly gunzTarPerm extractEntry doc/methods.md
394 silly gunzTarPerm modified mode [ 'doc/methods.md', 436, 438 ]
395 silly gunzTarPerm extractEntry doc/asyncworker.md
396 silly gunzTarPerm modified mode [ 'doc/asyncworker.md', 436, 438 ]
397 silly gunzTarPerm extractEntry doc/node_misc.md
398 silly gunzTarPerm modified mode [ 'doc/node_misc.md', 436, 438 ]
399 silly gunzTarPerm extractEntry doc/asyncworker.md
400 silly gunzTarPerm modified mode [ 'doc/asyncworker.md', 436, 438 ]
401 silly gunzTarPerm extractEntry doc/node_misc.md
402 silly gunzTarPerm modified mode [ 'doc/node_misc.md', 436, 438 ]
403 silly gunzTarPerm extractEntry doc/object_wrappers.md
404 silly gunzTarPerm modified mode [ 'doc/object_wrappers.md', 436, 438 ]
405 silly gunzTarPerm extractEntry doc/persistent.md
406 silly gunzTarPerm modified mode [ 'doc/persistent.md', 436, 438 ]
407 silly gunzTarPerm extractEntry doc/object_wrappers.md
408 silly gunzTarPerm modified mode [ 'doc/object_wrappers.md', 436, 438 ]
409 silly gunzTarPerm extractEntry doc/persistent.md
410 silly gunzTarPerm modified mode [ 'doc/persistent.md', 436, 438 ]
411 silly gunzTarPerm extractEntry doc/scopes.md
412 silly gunzTarPerm modified mode [ 'doc/scopes.md', 436, 438 ]
413 silly gunzTarPerm extractEntry doc/script.md
414 silly gunzTarPerm modified mode [ 'doc/script.md', 436, 438 ]
415 silly gunzTarPerm extractEntry doc/scopes.md
416 silly gunzTarPerm modified mode [ 'doc/scopes.md', 436, 438 ]
417 silly gunzTarPerm extractEntry doc/script.md
418 silly gunzTarPerm modified mode [ 'doc/script.md', 436, 438 ]
419 silly gunzTarPerm extractEntry doc/string_bytes.md
420 silly gunzTarPerm modified mode [ 'doc/string_bytes.md', 436, 438 ]
421 silly gunzTarPerm extractEntry doc/v8_internals.md
422 silly gunzTarPerm modified mode [ 'doc/v8_internals.md', 436, 438 ]
423 silly gunzTarPerm extractEntry doc/string_bytes.md
424 silly gunzTarPerm modified mode [ 'doc/string_bytes.md', 436, 438 ]
425 silly gunzTarPerm extractEntry doc/v8_internals.md
426 silly gunzTarPerm modified mode [ 'doc/v8_internals.md', 436, 438 ]
427 silly gentlyRm C:\MyWork\WebApps\Accounting\node_modules\.staging\bindings-90743d30\node_modules is being purged
428 verbose gentlyRm don't care about contents; nuking C:\MyWork\WebApps\Accounting\node_modules\.staging\bindings-90743d30\node_modules
429 silly gunzTarPerm extractEntry doc/v8_misc.md
430 silly gunzTarPerm modified mode [ 'doc/v8_misc.md', 436, 438 ]
431 silly gunzTarPerm extractEntry nan.h
432 silly gunzTarPerm modified mode [ 'nan.h', 436, 438 ]
433 silly gunzTarPerm extractEntry doc/v8_misc.md
434 silly gunzTarPerm modified mode [ 'doc/v8_misc.md', 436, 438 ]
435 silly gunzTarPerm extractEntry nan.h
436 silly gunzTarPerm modified mode [ 'nan.h', 436, 438 ]
437 silly gunzTarPerm extractEntry nan_callbacks.h
438 silly gunzTarPerm modified mode [ 'nan_callbacks.h', 436, 438 ]
439 silly gunzTarPerm extractEntry nan_callbacks.h
440 silly gunzTarPerm modified mode [ 'nan_callbacks.h', 436, 438 ]
441 silly gentlyRm C:\MyWork\WebApps\Accounting\node_modules\.staging\bufferutil-6589021c\node_modules is being purged
442 verbose gentlyRm don't care about contents; nuking C:\MyWork\WebApps\Accounting\node_modules\.staging\bufferutil-6589021c\node_modules
443 silly gentlyRm C:\MyWork\WebApps\Accounting\node_modules\.staging\utf-8-validate-2373b0df\node_modules is being purged
444 verbose gentlyRm don't care about contents; nuking C:\MyWork\WebApps\Accounting\node_modules\.staging\utf-8-validate-2373b0df\node_modules
445 silly gunzTarPerm extractEntry nan_callbacks_12_inl.h
446 silly gunzTarPerm modified mode [ 'nan_callbacks_12_inl.h', 436, 438 ]
447 silly gunzTarPerm extractEntry nan_callbacks_pre_12_inl.h
448 silly gunzTarPerm modified mode [ 'nan_callbacks_pre_12_inl.h', 436, 438 ]
449 silly gunzTarPerm extractEntry nan_callbacks_12_inl.h
450 silly gunzTarPerm modified mode [ 'nan_callbacks_12_inl.h', 436, 438 ]
451 silly gunzTarPerm extractEntry nan_callbacks_pre_12_inl.h
452 silly gunzTarPerm modified mode [ 'nan_callbacks_pre_12_inl.h', 436, 438 ]
453 silly gunzTarPerm extractEntry nan_converters_43_inl.h
454 silly gunzTarPerm modified mode [ 'nan_converters_43_inl.h', 436, 438 ]
455 silly gunzTarPerm extractEntry nan_converters_pre_43_inl.h
456 silly gunzTarPerm modified mode [ 'nan_converters_pre_43_inl.h', 436, 438 ]
457 silly gunzTarPerm extractEntry nan_implementation_12_inl.h
458 silly gunzTarPerm modified mode [ 'nan_implementation_12_inl.h', 436, 438 ]
459 silly gunzTarPerm extractEntry nan_converters_43_inl.h
460 silly gunzTarPerm modified mode [ 'nan_converters_43_inl.h', 436, 438 ]
461 silly gunzTarPerm extractEntry nan_converters_pre_43_inl.h
462 silly gunzTarPerm modified mode [ 'nan_converters_pre_43_inl.h', 436, 438 ]
463 silly gunzTarPerm extractEntry nan_implementation_12_inl.h
464 silly gunzTarPerm modified mode [ 'nan_implementation_12_inl.h', 436, 438 ]
465 silly gunzTarPerm extractEntry nan_implementation_pre_12_inl.h
466 silly gunzTarPerm modified mode [ 'nan_implementation_pre_12_inl.h', 436, 438 ]
467 silly gunzTarPerm extractEntry nan_implementation_pre_12_inl.h
468 silly gunzTarPerm modified mode [ 'nan_implementation_pre_12_inl.h', 436, 438 ]
469 silly gunzTarPerm extractEntry nan_maybe_43_inl.h
470 silly gunzTarPerm modified mode [ 'nan_maybe_43_inl.h', 436, 438 ]
471 silly gunzTarPerm extractEntry nan_maybe_pre_43_inl.h
472 silly gunzTarPerm modified mode [ 'nan_maybe_pre_43_inl.h', 436, 438 ]
473 silly gunzTarPerm extractEntry nan_new.h
474 silly gunzTarPerm modified mode [ 'nan_new.h', 436, 438 ]
475 silly gunzTarPerm extractEntry nan_maybe_43_inl.h
476 silly gunzTarPerm modified mode [ 'nan_maybe_43_inl.h', 436, 438 ]
477 silly gunzTarPerm extractEntry nan_maybe_pre_43_inl.h
478 silly gunzTarPerm modified mode [ 'nan_maybe_pre_43_inl.h', 436, 438 ]
479 silly gunzTarPerm extractEntry nan_new.h
480 silly gunzTarPerm modified mode [ 'nan_new.h', 436, 438 ]
481 silly gunzTarPerm extractEntry nan_object_wrap.h
482 silly gunzTarPerm modified mode [ 'nan_object_wrap.h', 436, 438 ]
483 silly gunzTarPerm extractEntry nan_object_wrap.h
484 silly gunzTarPerm modified mode [ 'nan_object_wrap.h', 436, 438 ]
485 silly gunzTarPerm extractEntry nan_persistent_12_inl.h
486 silly gunzTarPerm modified mode [ 'nan_persistent_12_inl.h', 436, 438 ]
487 silly gunzTarPerm extractEntry nan_persistent_pre_12_inl.h
488 silly gunzTarPerm modified mode [ 'nan_persistent_pre_12_inl.h', 436, 438 ]
489 silly gunzTarPerm extractEntry nan_persistent_12_inl.h
490 silly gunzTarPerm modified mode [ 'nan_persistent_12_inl.h', 436, 438 ]
491 silly gunzTarPerm extractEntry nan_persistent_pre_12_inl.h
492 silly gunzTarPerm modified mode [ 'nan_persistent_pre_12_inl.h', 436, 438 ]
493 silly gunzTarPerm extractEntry nan_string_bytes.h
494 silly gunzTarPerm modified mode [ 'nan_string_bytes.h', 436, 438 ]
495 silly gunzTarPerm extractEntry nan_typedarray_contents.h
496 silly gunzTarPerm modified mode [ 'nan_typedarray_contents.h', 436, 438 ]
497 silly gunzTarPerm extractEntry nan_string_bytes.h
498 silly gunzTarPerm modified mode [ 'nan_string_bytes.h', 436, 438 ]
499 silly gunzTarPerm extractEntry nan_typedarray_contents.h
500 silly gunzTarPerm modified mode [ 'nan_typedarray_contents.h', 436, 438 ]
501 silly gunzTarPerm extractEntry nan_weak.h
502 silly gunzTarPerm modified mode [ 'nan_weak.h', 436, 438 ]
503 silly gunzTarPerm extractEntry CHANGELOG.md
504 silly gunzTarPerm modified mode [ 'CHANGELOG.md', 436, 438 ]
505 silly gunzTarPerm extractEntry nan_weak.h
506 silly gunzTarPerm modified mode [ 'nan_weak.h', 436, 438 ]
507 silly gunzTarPerm extractEntry CHANGELOG.md
508 silly gunzTarPerm modified mode [ 'CHANGELOG.md', 436, 438 ]
509 silly gunzTarPerm extractEntry tools/package.json
510 silly gunzTarPerm modified mode [ 'tools/package.json', 436, 438 ]
511 silly gunzTarPerm extractEntry tools/README.md
512 silly gunzTarPerm modified mode [ 'tools/README.md', 436, 438 ]
513 silly gunzTarPerm extractEntry tools/package.json
514 silly gunzTarPerm modified mode [ 'tools/package.json', 436, 438 ]
515 silly gunzTarPerm extractEntry tools/README.md
516 silly gunzTarPerm modified mode [ 'tools/README.md', 436, 438 ]
517 silly gunzTarPerm extractEntry tools/1to2.js
518 silly gunzTarPerm modified mode [ 'tools/1to2.js', 509, 511 ]
519 silly gunzTarPerm extractEntry tools/1to2.js
520 silly gunzTarPerm modified mode [ 'tools/1to2.js', 509, 511 ]
521 silly gentlyRm C:\MyWork\WebApps\Accounting\node_modules\.staging\nan-636cbfa6\node_modules is being purged
522 verbose gentlyRm don't care about contents; nuking C:\MyWork\WebApps\Accounting\node_modules\.staging\nan-636cbfa6\node_modules
523 silly gentlyRm C:\MyWork\WebApps\Accounting\node_modules\.staging\nan-33e3f79e\node_modules is being purged
524 verbose gentlyRm don't care about contents; nuking C:\MyWork\WebApps\Accounting\node_modules\.staging\nan-33e3f79e\node_modules
525 silly doParallel preinstall 5
526 silly preinstall bindings@1.2.1 C:\MyWork\WebApps\Accounting\node_modules\.staging\bindings-90743d30
527 info lifecycle bindings@1.2.1~preinstall: bindings@1.2.1
528 silly preinstall nan@2.2.0 C:\MyWork\WebApps\Accounting\node_modules\.staging\nan-636cbfa6
529 info lifecycle nan@2.2.0~preinstall: nan@2.2.0
530 silly preinstall bufferutil@1.2.1 C:\MyWork\WebApps\Accounting\node_modules\.staging\bufferutil-6589021c
531 info lifecycle bufferutil@1.2.1~preinstall: bufferutil@1.2.1
532 silly preinstall nan@2.2.0 C:\MyWork\WebApps\Accounting\node_modules\.staging\nan-33e3f79e
533 info lifecycle nan@2.2.0~preinstall: nan@2.2.0
534 silly preinstall utf-8-validate@1.2.1 C:\MyWork\WebApps\Accounting\node_modules\.staging\utf-8-validate-2373b0df
535 info lifecycle utf-8-validate@1.2.1~preinstall: utf-8-validate@1.2.1
536 silly lifecycle bindings@1.2.1~preinstall: no script for preinstall, continuing
537 silly lifecycle nan@2.2.0~preinstall: no script for preinstall, continuing
538 silly lifecycle bufferutil@1.2.1~preinstall: no script for preinstall, continuing
539 silly lifecycle nan@2.2.0~preinstall: no script for preinstall, continuing
540 silly lifecycle utf-8-validate@1.2.1~preinstall: no script for preinstall, continuing
541 silly doReverseSerial remove 0
542 silly doSerial move 0
543 silly doSerial finalize 5
544 silly finalize C:\MyWork\WebApps\Accounting\node_modules\bindings
545 silly finalize C:\MyWork\WebApps\Accounting\node_modules\bufferutil\node_modules\nan
546 silly finalize C:\MyWork\WebApps\Accounting\node_modules\bufferutil
547 silly finalize C:\MyWork\WebApps\Accounting\node_modules\utf-8-validate\node_modules\nan
548 silly finalize C:\MyWork\WebApps\Accounting\node_modules\utf-8-validate
549 silly doSerial build 5
550 silly build bindings@1.2.1
551 info linkStuff bindings@1.2.1
552 silly linkStuff bindings@1.2.1 has C:\MyWork\WebApps\Accounting\node_modules as its parent node_modules
553 verbose linkBins bindings@1.2.1
554 verbose linkMans bindings@1.2.1
555 silly build nan@2.2.0
556 info linkStuff nan@2.2.0
557 silly linkStuff nan@2.2.0 has C:\MyWork\WebApps\Accounting\node_modules\bufferutil\node_modules as its parent node_modules
558 verbose linkBins nan@2.2.0
559 verbose linkMans nan@2.2.0
560 silly build bufferutil@1.2.1
561 info linkStuff bufferutil@1.2.1
562 silly linkStuff bufferutil@1.2.1 has C:\MyWork\WebApps\Accounting\node_modules as its parent node_modules
563 verbose linkBins bufferutil@1.2.1
564 verbose linkMans bufferutil@1.2.1
565 silly build nan@2.2.0
566 info linkStuff nan@2.2.0
567 silly linkStuff nan@2.2.0 has C:\MyWork\WebApps\Accounting\node_modules\utf-8-validate\node_modules as its parent node_modules
568 verbose linkBins nan@2.2.0
569 verbose linkMans nan@2.2.0
570 silly build utf-8-validate@1.2.1
571 info linkStuff utf-8-validate@1.2.1
572 silly linkStuff utf-8-validate@1.2.1 has C:\MyWork\WebApps\Accounting\node_modules as its parent node_modules
573 verbose linkBins utf-8-validate@1.2.1
574 verbose linkMans utf-8-validate@1.2.1
575 silly doSerial global-link 0
576 silly doParallel update-linked 0
577 silly doSerial install 5
578 silly install bindings@1.2.1 C:\MyWork\WebApps\Accounting\node_modules\.staging\bindings-90743d30
579 info lifecycle bindings@1.2.1~install: bindings@1.2.1
580 silly lifecycle bindings@1.2.1~install: no script for install, continuing
581 silly install nan@2.2.0 C:\MyWork\WebApps\Accounting\node_modules\.staging\nan-636cbfa6
582 info lifecycle nan@2.2.0~install: nan@2.2.0
583 silly lifecycle nan@2.2.0~install: no script for install, continuing
584 silly install bufferutil@1.2.1 C:\MyWork\WebApps\Accounting\node_modules\.staging\bufferutil-6589021c
585 info lifecycle bufferutil@1.2.1~install: bufferutil@1.2.1
586 verbose lifecycle bufferutil@1.2.1~install: unsafe-perm in lifecycle true
587 verbose lifecycle bufferutil@1.2.1~install: PATH: C:\Program Files\nodejs\node_modules\npm\bin\node-gyp-bin;C:\MyWork\WebApps\Accounting\node_modules\bufferutil\node_modules\.bin;C:\MyWork\WebApps\Accounting\node_modules\.bin;C:\Users\Balas\bin;C:\Program Files\Git\mingw64\bin;C:\Program Files\Git\usr\local\bin;C:\Program Files\Git\usr\bin;C:\Program Files\Git\usr\bin;C:\Program Files\Git\mingw64\bin;C:\Program Files\Git\usr\bin;C:\Users\Balas\bin;C:\ProgramData\Oracle\Java\javapath;C:\Program Files (x86)\Intel\iCLS Client;C:\Program Files\Intel\iCLS Client;C:\WINDOWS\system32;C:\WINDOWS;C:\WINDOWS\System32\Wbem;C:\WINDOWS\System32\WindowsPowerShell\v1.0;C:\Program Files\Intel\Intel(R) Management Engine Components\DAL;C:\Program Files\Intel\Intel(R) Management Engine Components\IPT;C:\Program Files (x86)\Intel\Intel(R) Management Engine Components\DAL;C:\Program Files (x86)\Intel\Intel(R) Management Engine Components\IPT;C:\Program Files\Intel\WiFi\bin;C:\Program Files\Common Files\Intel\WirelessCommon;C:\Program Files\Git\cmd;C:\Program Files\nodejs;C:\Users\Balas\AppData\Roaming\npm;C:\Program Files\Git\usr\bin\vendor_perl;C:\Program Files\Git\usr\bin\core_perl
588 verbose lifecycle bufferutil@1.2.1~install: CWD: C:\MyWork\WebApps\Accounting\node_modules\bufferutil
589 silly lifecycle bufferutil@1.2.1~install: Args: [ '/d /s /c', 'node-gyp rebuild' ]
590 silly lifecycle bufferutil@1.2.1~install: Returned: code: 1  signal: null
591 info lifecycle bufferutil@1.2.1~install: Failed to exec install script
592 warn install:bufferutil@1.2.1 bufferutil@1.2.1 install: `node-gyp rebuild`
592 warn install:bufferutil@1.2.1 Exit status 1
593 verbose install:bufferutil@1.2.1 Error: bufferutil@1.2.1 install: `node-gyp rebuild`
593 verbose install:bufferutil@1.2.1 Exit status 1
593 verbose install:bufferutil@1.2.1     at EventEmitter.<anonymous> (C:\Program Files\nodejs\node_modules\npm\lib\utils\lifecycle.js:232:16)
593 verbose install:bufferutil@1.2.1     at emitTwo (events.js:100:13)
593 verbose install:bufferutil@1.2.1     at EventEmitter.emit (events.js:185:7)
593 verbose install:bufferutil@1.2.1     at ChildProcess.<anonymous> (C:\Program Files\nodejs\node_modules\npm\lib\utils\spawn.js:24:14)
593 verbose install:bufferutil@1.2.1     at emitTwo (events.js:100:13)
593 verbose install:bufferutil@1.2.1     at ChildProcess.emit (events.js:185:7)
593 verbose install:bufferutil@1.2.1     at maybeClose (internal/child_process.js:827:16)
593 verbose install:bufferutil@1.2.1     at Process.ChildProcess._handle.onexit (internal/child_process.js:211:5)
594 silly install nan@2.2.0 C:\MyWork\WebApps\Accounting\node_modules\.staging\nan-33e3f79e
595 info lifecycle nan@2.2.0~install: nan@2.2.0
596 silly lifecycle nan@2.2.0~install: no script for install, continuing
597 silly install utf-8-validate@1.2.1 C:\MyWork\WebApps\Accounting\node_modules\.staging\utf-8-validate-2373b0df
598 info lifecycle utf-8-validate@1.2.1~install: utf-8-validate@1.2.1
599 verbose lifecycle utf-8-validate@1.2.1~install: unsafe-perm in lifecycle true
600 verbose lifecycle utf-8-validate@1.2.1~install: PATH: C:\Program Files\nodejs\node_modules\npm\bin\node-gyp-bin;C:\MyWork\WebApps\Accounting\node_modules\utf-8-validate\node_modules\.bin;C:\MyWork\WebApps\Accounting\node_modules\.bin;C:\Users\Balas\bin;C:\Program Files\Git\mingw64\bin;C:\Program Files\Git\usr\local\bin;C:\Program Files\Git\usr\bin;C:\Program Files\Git\usr\bin;C:\Program Files\Git\mingw64\bin;C:\Program Files\Git\usr\bin;C:\Users\Balas\bin;C:\ProgramData\Oracle\Java\javapath;C:\Program Files (x86)\Intel\iCLS Client;C:\Program Files\Intel\iCLS Client;C:\WINDOWS\system32;C:\WINDOWS;C:\WINDOWS\System32\Wbem;C:\WINDOWS\System32\WindowsPowerShell\v1.0;C:\Program Files\Intel\Intel(R) Management Engine Components\DAL;C:\Program Files\Intel\Intel(R) Management Engine Components\IPT;C:\Program Files (x86)\Intel\Intel(R) Management Engine Components\DAL;C:\Program Files (x86)\Intel\Intel(R) Management Engine Components\IPT;C:\Program Files\Intel\WiFi\bin;C:\Program Files\Common Files\Intel\WirelessCommon;C:\Program Files\Git\cmd;C:\Program Files\nodejs;C:\Users\Balas\AppData\Roaming\npm;C:\Program Files\Git\usr\bin\vendor_perl;C:\Program Files\Git\usr\bin\core_perl
601 verbose lifecycle utf-8-validate@1.2.1~install: CWD: C:\MyWork\WebApps\Accounting\node_modules\utf-8-validate
602 silly lifecycle utf-8-validate@1.2.1~install: Args: [ '/d /s /c', 'node-gyp rebuild' ]
603 silly lifecycle utf-8-validate@1.2.1~install: Returned: code: 1  signal: null
604 info lifecycle utf-8-validate@1.2.1~install: Failed to exec install script
605 warn install:utf-8-validate@1.2.1 utf-8-validate@1.2.1 install: `node-gyp rebuild`
605 warn install:utf-8-validate@1.2.1 Exit status 1
606 verbose install:utf-8-validate@1.2.1 Error: utf-8-validate@1.2.1 install: `node-gyp rebuild`
606 verbose install:utf-8-validate@1.2.1 Exit status 1
606 verbose install:utf-8-validate@1.2.1     at EventEmitter.<anonymous> (C:\Program Files\nodejs\node_modules\npm\lib\utils\lifecycle.js:232:16)
606 verbose install:utf-8-validate@1.2.1     at emitTwo (events.js:100:13)
606 verbose install:utf-8-validate@1.2.1     at EventEmitter.emit (events.js:185:7)
606 verbose install:utf-8-validate@1.2.1     at ChildProcess.<anonymous> (C:\Program Files\nodejs\node_modules\npm\lib\utils\spawn.js:24:14)
606 verbose install:utf-8-validate@1.2.1     at emitTwo (events.js:100:13)
606 verbose install:utf-8-validate@1.2.1     at ChildProcess.emit (events.js:185:7)
606 verbose install:utf-8-validate@1.2.1     at maybeClose (internal/child_process.js:827:16)
606 verbose install:utf-8-validate@1.2.1     at Process.ChildProcess._handle.onexit (internal/child_process.js:211:5)
607 silly doSerial postinstall 5
608 verbose unlock done using C:\Users\Balas\AppData\Roaming\npm-cache\_locks\staging-1b1aa4bcd2b8d288.lock for C:\MyWork\WebApps\Accounting\node_modules\.staging
609 silly executeActions Finishing
610 silly rollbackFailedOptional Starting
611 silly rollbackFailedOptional Finishing
612 silly runTopLevelLifecycles Starting
613 silly install runTopLevelLifecycles
614 silly preinstall angular-phonecat@0.0.0 C:\MyWork\WebApps\Accounting\angular-phonecat-a4596964
615 info lifecycle angular-phonecat@0.0.0~preinstall: angular-phonecat@0.0.0
616 silly lifecycle angular-phonecat@0.0.0~preinstall: no script for preinstall, continuing
617 silly build angular-phonecat@0.0.0
618 info linkStuff angular-phonecat@0.0.0
619 silly linkStuff angular-phonecat@0.0.0 has C:\MyWork\WebApps as its parent node_modules
620 verbose linkBins angular-phonecat@0.0.0
621 verbose linkMans angular-phonecat@0.0.0
622 silly install angular-phonecat@0.0.0 C:\MyWork\WebApps\Accounting\angular-phonecat-a4596964
623 info lifecycle angular-phonecat@0.0.0~install: angular-phonecat@0.0.0
624 silly lifecycle angular-phonecat@0.0.0~install: no script for install, continuing
625 silly postinstall angular-phonecat@0.0.0 C:\MyWork\WebApps\Accounting\angular-phonecat-a4596964
626 info lifecycle angular-phonecat@0.0.0~postinstall: angular-phonecat@0.0.0
627 verbose lifecycle angular-phonecat@0.0.0~postinstall: unsafe-perm in lifecycle true
628 verbose lifecycle angular-phonecat@0.0.0~postinstall: PATH: C:\Program Files\nodejs\node_modules\npm\bin\node-gyp-bin;C:\MyWork\WebApps\Accounting\node_modules\.bin;C:\Users\Balas\bin;C:\Program Files\Git\mingw64\bin;C:\Program Files\Git\usr\local\bin;C:\Program Files\Git\usr\bin;C:\Program Files\Git\usr\bin;C:\Program Files\Git\mingw64\bin;C:\Program Files\Git\usr\bin;C:\Users\Balas\bin;C:\ProgramData\Oracle\Java\javapath;C:\Program Files (x86)\Intel\iCLS Client;C:\Program Files\Intel\iCLS Client;C:\WINDOWS\system32;C:\WINDOWS;C:\WINDOWS\System32\Wbem;C:\WINDOWS\System32\WindowsPowerShell\v1.0;C:\Program Files\Intel\Intel(R) Management Engine Components\DAL;C:\Program Files\Intel\Intel(R) Management Engine Components\IPT;C:\Program Files (x86)\Intel\Intel(R) Management Engine Components\DAL;C:\Program Files (x86)\Intel\Intel(R) Management Engine Components\IPT;C:\Program Files\Intel\WiFi\bin;C:\Program Files\Common Files\Intel\WirelessCommon;C:\Program Files\Git\cmd;C:\Program Files\nodejs;C:\Users\Balas\AppData\Roaming\npm;C:\Program Files\Git\usr\bin\vendor_perl;C:\Program Files\Git\usr\bin\core_perl
629 verbose lifecycle angular-phonecat@0.0.0~postinstall: CWD: C:\MyWork\WebApps\Accounting
630 silly lifecycle angular-phonecat@0.0.0~postinstall: Args: [ '/d /s /c', 'bower install' ]
631 silly lifecycle angular-phonecat@0.0.0~postinstall: Returned: code: 1  signal: null
632 info lifecycle angular-phonecat@0.0.0~postinstall: Failed to exec postinstall script
633 warn optional Skipping failed optional dependency /chokidar/fsevents:
634 warn notsup Not compatible with your operating system or architecture: fsevents@1.0.8
635 verbose stack Error: angular-phonecat@0.0.0 postinstall: `bower install`
635 verbose stack Exit status 1
635 verbose stack     at EventEmitter.<anonymous> (C:\Program Files\nodejs\node_modules\npm\lib\utils\lifecycle.js:232:16)
635 verbose stack     at emitTwo (events.js:100:13)
635 verbose stack     at EventEmitter.emit (events.js:185:7)
635 verbose stack     at ChildProcess.<anonymous> (C:\Program Files\nodejs\node_modules\npm\lib\utils\spawn.js:24:14)
635 verbose stack     at emitTwo (events.js:100:13)
635 verbose stack     at ChildProcess.emit (events.js:185:7)
635 verbose stack     at maybeClose (internal/child_process.js:827:16)
635 verbose stack     at Process.ChildProcess._handle.onexit (internal/child_process.js:211:5)
636 verbose pkgid angular-phonecat@0.0.0
637 verbose cwd C:\MyWork\WebApps\Accounting
638 error Windows_NT 10.0.10240
639 error argv "C:\\Program Files\\nodejs\\node.exe" "C:\\Program Files\\nodejs\\node_modules\\npm\\bin\\npm-cli.js" "install"
640 error node v5.7.1
641 error npm  v3.6.0
642 error code ELIFECYCLE
643 error angular-phonecat@0.0.0 postinstall: `bower install`
643 error Exit status 1
644 error Failed at the angular-phonecat@0.0.0 postinstall script 'bower install'.
644 error Make sure you have the latest version of node.js and npm installed.
644 error If you do, this is most likely a problem with the angular-phonecat package,
644 error not with npm itself.
644 error Tell the author that this fails on your system:
644 error     bower install
644 error You can get information on how to open an issue for this project with:
644 error     npm bugs angular-phonecat
644 error Or if that isn't available, you can get their info via:
644 error     npm owner ls angular-phonecat
644 error There is likely additional logging output above.
645 verbose exit [ 1, true ]
